{"C:\\Users\\mrtia\\three\\archmaker2v\\src\\components\\PropertiesPanel.ts": {"path":"C:\\Users\\mrtia\\three\\archmaker2v\\src\\components\\PropertiesPanel.ts","statementMap":{"0":{"start":{"line":9,"column":12},"end":{"line":9,"column":null}},"1":{"start":{"line":10,"column":12},"end":{"line":13,"column":null}},"2":{"start":{"line":14,"column":12},"end":{"line":14,"column":null}},"3":{"start":{"line":17,"column":26},"end":{"line":17,"column":62}},"4":{"start":{"line":18,"column":8},"end":{"line":18,"column":80}},"5":{"start":{"line":18,"column":24},"end":{"line":18,"column":80}},"6":{"start":{"line":19,"column":8},"end":{"line":19,"column":35}},"7":{"start":{"line":20,"column":8},"end":{"line":20,"column":53}},"8":{"start":{"line":21,"column":8},"end":{"line":21,"column":27}},"9":{"start":{"line":25,"column":8},"end":{"line":25,"column":81}},"10":{"start":{"line":29,"column":8},"end":{"line":29,"column":38}},"11":{"start":{"line":30,"column":8},"end":{"line":30,"column":54}},"12":{"start":{"line":33,"column":22},"end":{"line":33,"column":50}},"13":{"start":{"line":34,"column":8},"end":{"line":34,"column":46}},"14":{"start":{"line":35,"column":8},"end":{"line":35,"column":42}},"15":{"start":{"line":38,"column":32},"end":{"line":38,"column":61}},"16":{"start":{"line":39,"column":8},"end":{"line":39,"column":57}},"17":{"start":{"line":41,"column":28},"end":{"line":41,"column":59}},"18":{"start":{"line":42,"column":8},"end":{"line":42,"column":49}},"19":{"start":{"line":44,"column":28},"end":{"line":44,"column":59}},"20":{"start":{"line":45,"column":8},"end":{"line":45,"column":36}},"21":{"start":{"line":46,"column":8},"end":{"line":46,"column":69}},"22":{"start":{"line":47,"column":8},"end":{"line":47,"column":30}},"23":{"start":{"line":48,"column":8},"end":{"line":48,"column":33}},"24":{"start":{"line":49,"column":8},"end":{"line":49,"column":31}},"25":{"start":{"line":51,"column":29},"end":{"line":51,"column":60}},"26":{"start":{"line":52,"column":8},"end":{"line":52,"column":36}},"27":{"start":{"line":53,"column":8},"end":{"line":53,"column":33}},"28":{"start":{"line":54,"column":8},"end":{"line":54,"column":33}},"29":{"start":{"line":55,"column":8},"end":{"line":55,"column":70}},"30":{"start":{"line":57,"column":8},"end":{"line":57,"column":49}},"31":{"start":{"line":58,"column":8},"end":{"line":58,"column":49}},"32":{"start":{"line":59,"column":8},"end":{"line":59,"column":50}},"33":{"start":{"line":62,"column":35},"end":{"line":62,"column":64}},"34":{"start":{"line":63,"column":8},"end":{"line":63,"column":60}},"35":{"start":{"line":65,"column":31},"end":{"line":65,"column":62}},"36":{"start":{"line":66,"column":8},"end":{"line":66,"column":55}},"37":{"start":{"line":68,"column":31},"end":{"line":68,"column":62}},"38":{"start":{"line":69,"column":8},"end":{"line":69,"column":39}},"39":{"start":{"line":70,"column":8},"end":{"line":70,"column":75}},"40":{"start":{"line":71,"column":8},"end":{"line":71,"column":33}},"41":{"start":{"line":72,"column":8},"end":{"line":72,"column":35}},"42":{"start":{"line":73,"column":8},"end":{"line":73,"column":34}},"43":{"start":{"line":75,"column":8},"end":{"line":75,"column":55}},"44":{"start":{"line":76,"column":8},"end":{"line":76,"column":55}},"45":{"start":{"line":79,"column":8},"end":{"line":79,"column":52}},"46":{"start":{"line":80,"column":8},"end":{"line":80,"column":55}},"47":{"start":{"line":83,"column":22},"end":{"line":83,"column":53}},"48":{"start":{"line":84,"column":8},"end":{"line":121,"column":10}},"49":{"start":{"line":122,"column":8},"end":{"line":122,"column":41}},"50":{"start":{"line":125,"column":33},"end":{"line":131,"column":9}},"51":{"start":{"line":126,"column":12},"end":{"line":129,"column":14}},"52":{"start":{"line":130,"column":12},"end":{"line":130,"column":60}},"53":{"start":{"line":133,"column":8},"end":{"line":136,"column":11}},"54":{"start":{"line":134,"column":12},"end":{"line":134,"column":51}},"55":{"start":{"line":135,"column":12},"end":{"line":135,"column":31}},"56":{"start":{"line":138,"column":8},"end":{"line":141,"column":11}},"57":{"start":{"line":139,"column":12},"end":{"line":139,"column":51}},"58":{"start":{"line":140,"column":12},"end":{"line":140,"column":31}},"59":{"start":{"line":143,"column":8},"end":{"line":143,"column":68}},"60":{"start":{"line":147,"column":8},"end":{"line":147,"column":45}}},"fnMap":{"0":{"name":"(anonymous_0)","decl":{"start":{"line":16,"column":4},"end":{"line":16,"column":16}},"loc":{"start":{"line":16,"column":88},"end":{"line":22,"column":5}}},"1":{"name":"(anonymous_1)","decl":{"start":{"line":24,"column":11},"end":{"line":24,"column":24}},"loc":{"start":{"line":24,"column":39},"end":{"line":26,"column":5}}},"2":{"name":"(anonymous_2)","decl":{"start":{"line":28,"column":12},"end":{"line":28,"column":23}},"loc":{"start":{"line":28,"column":23},"end":{"line":144,"column":5}}},"3":{"name":"(anonymous_3)","decl":{"start":{"line":125,"column":33},"end":{"line":125,"column":36}},"loc":{"start":{"line":125,"column":38},"end":{"line":131,"column":9}}},"4":{"name":"(anonymous_4)","decl":{"start":{"line":133,"column":47},"end":{"line":133,"column":50}},"loc":{"start":{"line":133,"column":52},"end":{"line":136,"column":9}}},"5":{"name":"(anonymous_5)","decl":{"start":{"line":138,"column":47},"end":{"line":138,"column":50}},"loc":{"start":{"line":138,"column":52},"end":{"line":141,"column":9}}},"6":{"name":"(anonymous_6)","decl":{"start":{"line":146,"column":11},"end":{"line":146,"column":31}},"loc":{"start":{"line":146,"column":31},"end":{"line":148,"column":5}}}},"branchMap":{"0":{"loc":{"start":{"line":18,"column":8},"end":{"line":18,"column":80}},"type":"if","locations":[{"start":{"line":18,"column":8},"end":{"line":18,"column":80}}]},"1":{"loc":{"start":{"line":25,"column":39},"end":{"line":25,"column":80}},"type":"cond-expr","locations":[{"start":{"line":25,"column":64},"end":{"line":25,"column":71}},{"start":{"line":25,"column":74},"end":{"line":25,"column":80}}]}},"s":{"0":0,"1":0,"2":0,"3":0,"4":0,"5":0,"6":0,"7":0,"8":0,"9":0,"10":0,"11":0,"12":0,"13":0,"14":0,"15":0,"16":0,"17":0,"18":0,"19":0,"20":0,"21":0,"22":0,"23":0,"24":0,"25":0,"26":0,"27":0,"28":0,"29":0,"30":0,"31":0,"32":0,"33":0,"34":0,"35":0,"36":0,"37":0,"38":0,"39":0,"40":0,"41":0,"42":0,"43":0,"44":0,"45":0,"46":0,"47":0,"48":0,"49":0,"50":0,"51":0,"52":0,"53":0,"54":0,"55":0,"56":0,"57":0,"58":0,"59":0,"60":0},"f":{"0":0,"1":0,"2":0,"3":0,"4":0,"5":0,"6":0},"b":{"0":[0],"1":[0,0]}}
,"C:\\Users\\mrtia\\three\\archmaker2v\\src\\core\\managers\\EventManagerImpl.ts": {"path":"C:\\Users\\mrtia\\three\\archmaker2v\\src\\core\\managers\\EventManagerImpl.ts","statementMap":{"0":{"start":{"line":9,"column":16},"end":{"line":9,"column":42}},"1":{"start":{"line":7,"column":12},"end":{"line":7,"column":null}},"2":{"start":{"line":12,"column":8},"end":{"line":14,"column":9}},"3":{"start":{"line":13,"column":12},"end":{"line":13,"column":48}},"4":{"start":{"line":15,"column":8},"end":{"line":15,"column":48}},"5":{"start":{"line":16,"column":8},"end":{"line":16,"column":69}},"6":{"start":{"line":20,"column":26},"end":{"line":20,"column":50}},"7":{"start":{"line":21,"column":8},"end":{"line":27,"column":9}},"8":{"start":{"line":22,"column":12},"end":{"line":22,"column":39}},"9":{"start":{"line":23,"column":12},"end":{"line":25,"column":13}},"10":{"start":{"line":24,"column":16},"end":{"line":24,"column":44}},"11":{"start":{"line":26,"column":12},"end":{"line":26,"column":70}},"12":{"start":{"line":31,"column":26},"end":{"line":31,"column":50}},"13":{"start":{"line":32,"column":8},"end":{"line":32,"column":31}},"14":{"start":{"line":32,"column":24},"end":{"line":32,"column":31}},"15":{"start":{"line":34,"column":8},"end":{"line":34,"column":60}},"16":{"start":{"line":36,"column":42},"end":{"line":36,"column":44}},"17":{"start":{"line":38,"column":8},"end":{"line":47,"column":9}},"18":{"start":{"line":39,"column":12},"end":{"line":46,"column":13}},"19":{"start":{"line":40,"column":31},"end":{"line":40,"column":45}},"20":{"start":{"line":41,"column":16},"end":{"line":43,"column":17}},"21":{"start":{"line":42,"column":20},"end":{"line":42,"column":42}},"22":{"start":{"line":45,"column":16},"end":{"line":45,"column":90}},"23":{"start":{"line":49,"column":8},"end":{"line":55,"column":9}},"24":{"start":{"line":50,"column":12},"end":{"line":54,"column":13}},"25":{"start":{"line":51,"column":16},"end":{"line":51,"column":44}},"26":{"start":{"line":53,"column":16},"end":{"line":53,"column":96}},"27":{"start":{"line":59,"column":8},"end":{"line":59,"column":51}},"28":{"start":{"line":63,"column":8},"end":{"line":63,"column":30}},"29":{"start":{"line":64,"column":8},"end":{"line":64,"column":56}},"30":{"start":{"line":6,"column":0},"end":{"line":6,"column":13}}},"fnMap":{"0":{"name":"(anonymous_0)","decl":{"start":{"line":9,"column":4},"end":{"line":9,"column":16}},"loc":{"start":{"line":9,"column":39},"end":{"line":9,"column":43}}},"1":{"name":"(anonymous_1)","decl":{"start":{"line":11,"column":11},"end":{"line":11,"column":13}},"loc":{"start":{"line":11,"column":52},"end":{"line":17,"column":5}}},"2":{"name":"(anonymous_2)","decl":{"start":{"line":19,"column":11},"end":{"line":19,"column":14}},"loc":{"start":{"line":19,"column":53},"end":{"line":28,"column":5}}},"3":{"name":"(anonymous_3)","decl":{"start":{"line":30,"column":11},"end":{"line":30,"column":16}},"loc":{"start":{"line":30,"column":46},"end":{"line":56,"column":5}}},"4":{"name":"(anonymous_4)","decl":{"start":{"line":58,"column":11},"end":{"line":58,"column":27}},"loc":{"start":{"line":58,"column":41},"end":{"line":60,"column":5}}},"5":{"name":"(anonymous_5)","decl":{"start":{"line":62,"column":11},"end":{"line":62,"column":28}},"loc":{"start":{"line":62,"column":28},"end":{"line":65,"column":5}}}},"branchMap":{"0":{"loc":{"start":{"line":12,"column":8},"end":{"line":14,"column":9}},"type":"if","locations":[{"start":{"line":12,"column":8},"end":{"line":14,"column":9}}]},"1":{"loc":{"start":{"line":21,"column":8},"end":{"line":27,"column":9}},"type":"if","locations":[{"start":{"line":21,"column":8},"end":{"line":27,"column":9}}]},"2":{"loc":{"start":{"line":23,"column":12},"end":{"line":25,"column":13}},"type":"if","locations":[{"start":{"line":23,"column":12},"end":{"line":25,"column":13}}]},"3":{"loc":{"start":{"line":32,"column":8},"end":{"line":32,"column":31}},"type":"if","locations":[{"start":{"line":32,"column":8},"end":{"line":32,"column":31}}]},"4":{"loc":{"start":{"line":41,"column":16},"end":{"line":43,"column":17}},"type":"if","locations":[{"start":{"line":41,"column":16},"end":{"line":43,"column":17}}]},"5":{"loc":{"start":{"line":49,"column":8},"end":{"line":55,"column":9}},"type":"if","locations":[{"start":{"line":49,"column":8},"end":{"line":55,"column":9}}]},"6":{"loc":{"start":{"line":59,"column":15},"end":{"line":59,"column":50}},"type":"binary-expr","locations":[{"start":{"line":59,"column":15},"end":{"line":59,"column":45}},{"start":{"line":59,"column":49},"end":{"line":59,"column":50}}]}},"s":{"0":6,"1":6,"2":8,"3":7,"4":8,"5":8,"6":1,"7":1,"8":1,"9":1,"10":1,"11":1,"12":3,"13":3,"14":0,"15":3,"16":3,"17":3,"18":4,"19":4,"20":3,"21":1,"22":1,"23":3,"24":1,"25":1,"26":0,"27":4,"28":1,"29":1,"30":1},"f":{"0":6,"1":8,"2":1,"3":3,"4":4,"5":1},"b":{"0":[7],"1":[1],"2":[1],"3":[0],"4":[1],"5":[1],"6":[4,3]}}
,"C:\\Users\\mrtia\\three\\archmaker2v\\src\\core\\managers\\LoggerImpl.ts": {"path":"C:\\Users\\mrtia\\three\\archmaker2v\\src\\core\\managers\\LoggerImpl.ts","statementMap":{"0":{"start":{"line":4,"column":12},"end":{"line":4,"column":null}},"1":{"start":{"line":5,"column":12},"end":{"line":5,"column":null}},"2":{"start":{"line":6,"column":21},"end":{"line":6,"column":null}},"3":{"start":{"line":7,"column":21},"end":{"line":7,"column":null}},"4":{"start":{"line":10,"column":8},"end":{"line":10,"column":45}},"5":{"start":{"line":14,"column":8},"end":{"line":16,"column":9}},"6":{"start":{"line":15,"column":12},"end":{"line":15,"column":45}},"7":{"start":{"line":20,"column":8},"end":{"line":20,"column":40}},"8":{"start":{"line":24,"column":8},"end":{"line":24,"column":40}},"9":{"start":{"line":28,"column":8},"end":{"line":28,"column":46}},"10":{"start":{"line":32,"column":8},"end":{"line":32,"column":40}},"11":{"start":{"line":36,"column":8},"end":{"line":36,"column":41}},"12":{"start":{"line":40,"column":8},"end":{"line":40,"column":36}},"13":{"start":{"line":44,"column":8},"end":{"line":44,"column":29}},"14":{"start":{"line":48,"column":32},"end":{"line":55,"column":10}},"15":{"start":{"line":58,"column":8},"end":{"line":58,"column":36}},"16":{"start":{"line":61,"column":8},"end":{"line":63,"column":9}},"17":{"start":{"line":62,"column":12},"end":{"line":62,"column":36}},"18":{"start":{"line":66,"column":29},"end":{"line":66,"column":88}},"19":{"start":{"line":67,"column":8},"end":{"line":69,"column":9}},"20":{"start":{"line":68,"column":12},"end":{"line":68,"column":53}},"21":{"start":{"line":70,"column":8},"end":{"line":70,"column":41}},"22":{"start":{"line":73,"column":8},"end":{"line":86,"column":9}},"23":{"start":{"line":75,"column":16},"end":{"line":75,"column":55}},"24":{"start":{"line":76,"column":16},"end":{"line":76,"column":22}},"25":{"start":{"line":78,"column":16},"end":{"line":78,"column":54}},"26":{"start":{"line":79,"column":16},"end":{"line":79,"column":22}},"27":{"start":{"line":81,"column":16},"end":{"line":81,"column":54}},"28":{"start":{"line":82,"column":16},"end":{"line":82,"column":22}},"29":{"start":{"line":84,"column":16},"end":{"line":84,"column":68}},"30":{"start":{"line":85,"column":16},"end":{"line":85,"column":22}},"31":{"start":{"line":3,"column":0},"end":{"line":3,"column":13}}},"fnMap":{"0":{"name":"(anonymous_0)","decl":{"start":{"line":9,"column":4},"end":{"line":9,"column":16}},"loc":{"start":{"line":9,"column":47},"end":{"line":11,"column":5}}},"1":{"name":"(anonymous_1)","decl":{"start":{"line":13,"column":11},"end":{"line":13,"column":16}},"loc":{"start":{"line":13,"column":48},"end":{"line":17,"column":5}}},"2":{"name":"(anonymous_2)","decl":{"start":{"line":19,"column":11},"end":{"line":19,"column":15}},"loc":{"start":{"line":19,"column":47},"end":{"line":21,"column":5}}},"3":{"name":"(anonymous_3)","decl":{"start":{"line":23,"column":11},"end":{"line":23,"column":15}},"loc":{"start":{"line":23,"column":47},"end":{"line":25,"column":5}}},"4":{"name":"(anonymous_4)","decl":{"start":{"line":27,"column":11},"end":{"line":27,"column":16}},"loc":{"start":{"line":27,"column":47},"end":{"line":29,"column":5}}},"5":{"name":"(anonymous_5)","decl":{"start":{"line":31,"column":11},"end":{"line":31,"column":27}},"loc":{"start":{"line":31,"column":44},"end":{"line":33,"column":5}}},"6":{"name":"(anonymous_6)","decl":{"start":{"line":35,"column":11},"end":{"line":35,"column":29}},"loc":{"start":{"line":35,"column":29},"end":{"line":37,"column":5}}},"7":{"name":"(anonymous_7)","decl":{"start":{"line":39,"column":11},"end":{"line":39,"column":24}},"loc":{"start":{"line":39,"column":24},"end":{"line":41,"column":5}}},"8":{"name":"(anonymous_8)","decl":{"start":{"line":43,"column":11},"end":{"line":43,"column":26}},"loc":{"start":{"line":43,"column":26},"end":{"line":45,"column":5}}},"9":{"name":"(anonymous_9)","decl":{"start":{"line":47,"column":12},"end":{"line":47,"column":15}},"loc":{"start":{"line":47,"column":81},"end":{"line":87,"column":5}}}},"branchMap":{"0":{"loc":{"start":{"line":9,"column":16},"end":{"line":9,"column":47}},"type":"default-arg","locations":[{"start":{"line":9,"column":42},"end":{"line":9,"column":47}}]},"1":{"loc":{"start":{"line":14,"column":8},"end":{"line":16,"column":9}},"type":"if","locations":[{"start":{"line":14,"column":8},"end":{"line":16,"column":9}}]},"2":{"loc":{"start":{"line":47,"column":50},"end":{"line":47,"column":66}},"type":"default-arg","locations":[{"start":{"line":47,"column":64},"end":{"line":47,"column":66}}]},"3":{"loc":{"start":{"line":54,"column":18},"end":{"line":54,"column":52}},"type":"cond-expr","locations":[{"start":{"line":54,"column":36},"end":{"line":54,"column":40}},{"start":{"line":54,"column":43},"end":{"line":54,"column":52}}]},"4":{"loc":{"start":{"line":61,"column":8},"end":{"line":63,"column":9}},"type":"if","locations":[{"start":{"line":61,"column":8},"end":{"line":63,"column":9}}]},"5":{"loc":{"start":{"line":67,"column":8},"end":{"line":69,"column":9}},"type":"if","locations":[{"start":{"line":67,"column":8},"end":{"line":69,"column":9}}]},"6":{"loc":{"start":{"line":73,"column":8},"end":{"line":86,"column":9}},"type":"switch","locations":[{"start":{"line":74,"column":12},"end":{"line":76,"column":22}},{"start":{"line":77,"column":12},"end":{"line":79,"column":22}},{"start":{"line":80,"column":12},"end":{"line":82,"column":22}},{"start":{"line":83,"column":12},"end":{"line":85,"column":22}}]},"7":{"loc":{"start":{"line":84,"column":46},"end":{"line":84,"column":57}},"type":"binary-expr","locations":[{"start":{"line":84,"column":46},"end":{"line":84,"column":51}},{"start":{"line":84,"column":55},"end":{"line":84,"column":57}}]}},"s":{"0":11,"1":11,"2":11,"3":11,"4":11,"5":2,"6":1,"7":1015,"8":1,"9":1,"10":2,"11":1,"12":2,"13":1,"14":1018,"15":1018,"16":1018,"17":10,"18":1018,"19":1018,"20":1,"21":1018,"22":1018,"23":1,"24":1,"25":1015,"26":1015,"27":1,"28":1,"29":1,"30":1,"31":1},"f":{"0":11,"1":2,"2":1015,"3":1,"4":1,"5":2,"6":1,"7":2,"8":1,"9":1018},"b":{"0":[0],"1":[1],"2":[0],"3":[0,1018],"4":[10],"5":[1],"6":[1,1015,1,1],"7":[1,0]}}
,"C:\\Users\\mrtia\\three\\archmaker2v\\src\\core\\managers\\PluginManagerImpl.ts": {"path":"C:\\Users\\mrtia\\three\\archmaker2v\\src\\core\\managers\\PluginManagerImpl.ts","statementMap":{"0":{"start":{"line":6,"column":0},"end":{"line":6,"column":67}},"1":{"start":{"line":16,"column":8},"end":{"line":16,"column":null}},"2":{"start":{"line":17,"column":8},"end":{"line":17,"column":null}},"3":{"start":{"line":18,"column":8},"end":{"line":18,"column":null}},"4":{"start":{"line":11,"column":12},"end":{"line":11,"column":null}},"5":{"start":{"line":12,"column":12},"end":{"line":12,"column":null}},"6":{"start":{"line":13,"column":12},"end":{"line":13,"column":null}},"7":{"start":{"line":22,"column":8},"end":{"line":28,"column":9}},"8":{"start":{"line":23,"column":12},"end":{"line":27,"column":14}},"9":{"start":{"line":31,"column":23},"end":{"line":31,"column":77}},"10":{"start":{"line":32,"column":8},"end":{"line":35,"column":9}},"11":{"start":{"line":33,"column":12},"end":{"line":33,"column":90}},"12":{"start":{"line":34,"column":12},"end":{"line":34,"column":19}},"13":{"start":{"line":37,"column":8},"end":{"line":37,"column":47}},"14":{"start":{"line":38,"column":8},"end":{"line":38,"column":53}},"15":{"start":{"line":39,"column":8},"end":{"line":42,"column":11}},"16":{"start":{"line":45,"column":8},"end":{"line":48,"column":11}},"17":{"start":{"line":50,"column":8},"end":{"line":50,"column":68}},"18":{"start":{"line":54,"column":23},"end":{"line":54,"column":49}},"19":{"start":{"line":55,"column":8},"end":{"line":61,"column":9}},"20":{"start":{"line":56,"column":12},"end":{"line":60,"column":14}},"21":{"start":{"line":63,"column":8},"end":{"line":63,"column":38}},"22":{"start":{"line":64,"column":8},"end":{"line":64,"column":39}},"23":{"start":{"line":65,"column":8},"end":{"line":65,"column":60}},"24":{"start":{"line":69,"column":8},"end":{"line":69,"column":42}},"25":{"start":{"line":73,"column":8},"end":{"line":83,"column":9}},"26":{"start":{"line":74,"column":12},"end":{"line":82,"column":13}},"27":{"start":{"line":75,"column":16},"end":{"line":75,"column":42}},"28":{"start":{"line":76,"column":16},"end":{"line":78,"column":17}},"29":{"start":{"line":77,"column":20},"end":{"line":77,"column":44}},"30":{"start":{"line":79,"column":16},"end":{"line":79,"column":60}},"31":{"start":{"line":81,"column":16},"end":{"line":81,"column":129}},"32":{"start":{"line":87,"column":8},"end":{"line":96,"column":9}},"33":{"start":{"line":88,"column":12},"end":{"line":95,"column":13}},"34":{"start":{"line":89,"column":16},"end":{"line":91,"column":17}},"35":{"start":{"line":90,"column":20},"end":{"line":90,"column":46}},"36":{"start":{"line":92,"column":16},"end":{"line":92,"column":62}},"37":{"start":{"line":94,"column":16},"end":{"line":94,"column":131}},"38":{"start":{"line":100,"column":23},"end":{"line":100,"column":49}},"39":{"start":{"line":101,"column":8},"end":{"line":107,"column":9}},"40":{"start":{"line":102,"column":12},"end":{"line":106,"column":14}},"41":{"start":{"line":108,"column":8},"end":{"line":110,"column":9}},"42":{"start":{"line":109,"column":12},"end":{"line":109,"column":36}},"43":{"start":{"line":111,"column":8},"end":{"line":111,"column":58}},"44":{"start":{"line":115,"column":23},"end":{"line":115,"column":49}},"45":{"start":{"line":116,"column":8},"end":{"line":122,"column":9}},"46":{"start":{"line":117,"column":12},"end":{"line":121,"column":14}},"47":{"start":{"line":123,"column":8},"end":{"line":125,"column":9}},"48":{"start":{"line":124,"column":12},"end":{"line":124,"column":38}},"49":{"start":{"line":126,"column":8},"end":{"line":126,"column":60}},"50":{"start":{"line":130,"column":8},"end":{"line":136,"column":9}},"51":{"start":{"line":131,"column":12},"end":{"line":135,"column":14}},"52":{"start":{"line":139,"column":8},"end":{"line":149,"column":9}},"53":{"start":{"line":140,"column":12},"end":{"line":148,"column":13}},"54":{"start":{"line":141,"column":16},"end":{"line":147,"column":17}},"55":{"start":{"line":142,"column":20},"end":{"line":146,"column":22}},"56":{"start":{"line":154,"column":8},"end":{"line":154,"column":49}},"57":{"start":{"line":158,"column":8},"end":{"line":160,"column":9}},"58":{"start":{"line":159,"column":12},"end":{"line":159,"column":75}},"59":{"start":{"line":161,"column":8},"end":{"line":161,"column":47}},"60":{"start":{"line":165,"column":8},"end":{"line":165,"column":40}},"61":{"start":{"line":10,"column":0},"end":{"line":10,"column":13}}},"fnMap":{"0":{"name":"(anonymous_0)","decl":{"start":{"line":15,"column":4},"end":{"line":15,"column":null}},"loc":{"start":{"line":18,"column":54},"end":{"line":19,"column":8}}},"1":{"name":"(anonymous_1)","decl":{"start":{"line":21,"column":11},"end":{"line":21,"column":19}},"loc":{"start":{"line":21,"column":35},"end":{"line":51,"column":5}}},"2":{"name":"(anonymous_2)","decl":{"start":{"line":53,"column":11},"end":{"line":53,"column":21}},"loc":{"start":{"line":53,"column":38},"end":{"line":66,"column":5}}},"3":{"name":"(anonymous_3)","decl":{"start":{"line":68,"column":11},"end":{"line":68,"column":20}},"loc":{"start":{"line":68,"column":37},"end":{"line":70,"column":5}}},"4":{"name":"(anonymous_4)","decl":{"start":{"line":72,"column":11},"end":{"line":72,"column":16}},"loc":{"start":{"line":72,"column":32},"end":{"line":84,"column":5}}},"5":{"name":"(anonymous_5)","decl":{"start":{"line":86,"column":11},"end":{"line":86,"column":16}},"loc":{"start":{"line":86,"column":34},"end":{"line":97,"column":5}}},"6":{"name":"(anonymous_6)","decl":{"start":{"line":99,"column":11},"end":{"line":99,"column":16}},"loc":{"start":{"line":99,"column":48},"end":{"line":112,"column":5}}},"7":{"name":"(anonymous_7)","decl":{"start":{"line":114,"column":11},"end":{"line":114,"column":16}},"loc":{"start":{"line":114,"column":50},"end":{"line":127,"column":5}}},"8":{"name":"(anonymous_8)","decl":{"start":{"line":129,"column":12},"end":{"line":129,"column":28}},"loc":{"start":{"line":129,"column":53},"end":{"line":150,"column":5}}},"9":{"name":"(anonymous_9)","decl":{"start":{"line":153,"column":11},"end":{"line":153,"column":21}},"loc":{"start":{"line":153,"column":59},"end":{"line":155,"column":5}}},"10":{"name":"(anonymous_10)","decl":{"start":{"line":157,"column":11},"end":{"line":157,"column":26}},"loc":{"start":{"line":157,"column":44},"end":{"line":162,"column":5}}},"11":{"name":"(anonymous_11)","decl":{"start":{"line":164,"column":11},"end":{"line":164,"column":28}},"loc":{"start":{"line":164,"column":46},"end":{"line":166,"column":5}}}},"branchMap":{"0":{"loc":{"start":{"line":22,"column":8},"end":{"line":28,"column":9}},"type":"if","locations":[{"start":{"line":22,"column":8},"end":{"line":28,"column":9}}]},"1":{"loc":{"start":{"line":32,"column":8},"end":{"line":35,"column":9}},"type":"if","locations":[{"start":{"line":32,"column":8},"end":{"line":35,"column":9}}]},"2":{"loc":{"start":{"line":55,"column":8},"end":{"line":61,"column":9}},"type":"if","locations":[{"start":{"line":55,"column":8},"end":{"line":61,"column":9}}]},"3":{"loc":{"start":{"line":76,"column":16},"end":{"line":78,"column":17}},"type":"if","locations":[{"start":{"line":76,"column":16},"end":{"line":78,"column":17}}]},"4":{"loc":{"start":{"line":81,"column":70},"end":{"line":81,"column":127}},"type":"cond-expr","locations":[{"start":{"line":81,"column":95},"end":{"line":81,"column":100}},{"start":{"line":81,"column":103},"end":{"line":81,"column":127}}]},"5":{"loc":{"start":{"line":89,"column":16},"end":{"line":91,"column":17}},"type":"if","locations":[{"start":{"line":89,"column":16},"end":{"line":91,"column":17}}]},"6":{"loc":{"start":{"line":94,"column":72},"end":{"line":94,"column":129}},"type":"cond-expr","locations":[{"start":{"line":94,"column":97},"end":{"line":94,"column":102}},{"start":{"line":94,"column":105},"end":{"line":94,"column":129}}]},"7":{"loc":{"start":{"line":101,"column":8},"end":{"line":107,"column":9}},"type":"if","locations":[{"start":{"line":101,"column":8},"end":{"line":107,"column":9}}]},"8":{"loc":{"start":{"line":108,"column":8},"end":{"line":110,"column":9}},"type":"if","locations":[{"start":{"line":108,"column":8},"end":{"line":110,"column":9}}]},"9":{"loc":{"start":{"line":116,"column":8},"end":{"line":122,"column":9}},"type":"if","locations":[{"start":{"line":116,"column":8},"end":{"line":122,"column":9}}]},"10":{"loc":{"start":{"line":123,"column":8},"end":{"line":125,"column":9}},"type":"if","locations":[{"start":{"line":123,"column":8},"end":{"line":125,"column":9}}]},"11":{"loc":{"start":{"line":130,"column":8},"end":{"line":136,"column":9}},"type":"if","locations":[{"start":{"line":130,"column":8},"end":{"line":136,"column":9}}]},"12":{"loc":{"start":{"line":130,"column":12},"end":{"line":130,"column":63}},"type":"binary-expr","locations":[{"start":{"line":130,"column":12},"end":{"line":130,"column":24}},{"start":{"line":130,"column":28},"end":{"line":130,"column":42}},{"start":{"line":130,"column":46},"end":{"line":130,"column":63}}]},"13":{"loc":{"start":{"line":132,"column":16},"end":{"line":132,"column":40}},"type":"binary-expr","locations":[{"start":{"line":132,"column":16},"end":{"line":132,"column":27}},{"start":{"line":132,"column":31},"end":{"line":132,"column":40}}]},"14":{"loc":{"start":{"line":139,"column":8},"end":{"line":149,"column":9}},"type":"if","locations":[{"start":{"line":139,"column":8},"end":{"line":149,"column":9}}]},"15":{"loc":{"start":{"line":139,"column":12},"end":{"line":139,"column":69}},"type":"binary-expr","locations":[{"start":{"line":139,"column":12},"end":{"line":139,"column":33}},{"start":{"line":139,"column":37},"end":{"line":139,"column":69}}]},"16":{"loc":{"start":{"line":141,"column":16},"end":{"line":147,"column":17}},"type":"if","locations":[{"start":{"line":141,"column":16},"end":{"line":147,"column":17}}]},"17":{"loc":{"start":{"line":158,"column":8},"end":{"line":160,"column":9}},"type":"if","locations":[{"start":{"line":158,"column":8},"end":{"line":160,"column":9}}]}},"s":{"0":1,"1":4,"2":4,"3":4,"4":4,"5":4,"6":4,"7":5,"8":0,"9":5,"10":5,"11":1,"12":1,"13":4,"14":3,"15":3,"16":3,"17":3,"18":0,"19":0,"20":0,"21":0,"22":0,"23":0,"24":2,"25":1,"26":2,"27":2,"28":2,"29":0,"30":2,"31":0,"32":0,"33":0,"34":0,"35":0,"36":0,"37":0,"38":0,"39":0,"40":0,"41":0,"42":0,"43":0,"44":0,"45":0,"46":0,"47":0,"48":0,"49":0,"50":4,"51":0,"52":4,"53":2,"54":2,"55":1,"56":0,"57":0,"58":0,"59":0,"60":0,"61":1},"f":{"0":4,"1":5,"2":0,"3":2,"4":1,"5":0,"6":0,"7":0,"8":4,"9":0,"10":0,"11":0},"b":{"0":[0],"1":[1],"2":[0],"3":[0],"4":[0,0],"5":[0],"6":[0,0],"7":[0],"8":[0],"9":[0],"10":[0],"11":[0],"12":[4,4,4],"13":[0,0],"14":[2],"15":[4,4],"16":[1],"17":[0]}}
,"C:\\Users\\mrtia\\three\\archmaker2v\\src\\core\\types\\errors.ts": {"path":"C:\\Users\\mrtia\\three\\archmaker2v\\src\\core\\types\\errors.ts","statementMap":{"0":{"start":{"line":6,"column":0},"end":{"line":6,"column":null}},"1":{"start":{"line":7,"column":4},"end":{"line":7,"column":null}},"2":{"start":{"line":8,"column":4},"end":{"line":8,"column":null}},"3":{"start":{"line":9,"column":4},"end":{"line":9,"column":null}},"4":{"start":{"line":10,"column":4},"end":{"line":10,"column":null}},"5":{"start":{"line":11,"column":4},"end":{"line":11,"column":null}},"6":{"start":{"line":12,"column":4},"end":{"line":12,"column":null}},"7":{"start":{"line":13,"column":4},"end":{"line":13,"column":null}},"8":{"start":{"line":14,"column":4},"end":{"line":14,"column":null}},"9":{"start":{"line":23,"column":8},"end":{"line":23,"column":23}},"10":{"start":{"line":19,"column":8},"end":{"line":19,"column":null}},"11":{"start":{"line":20,"column":8},"end":{"line":20,"column":null}},"12":{"start":{"line":24,"column":8},"end":{"line":24,"column":34}},"13":{"start":{"line":17,"column":0},"end":{"line":17,"column":13}}},"fnMap":{"0":{"name":"(anonymous_0)","decl":{"start":{"line":6,"column":0},"end":{"line":6,"column":12}},"loc":{"start":{"line":6,"column":27},"end":{"line":15,"column":1}}},"1":{"name":"(anonymous_1)","decl":{"start":{"line":18,"column":4},"end":{"line":18,"column":null}},"loc":{"start":{"line":21,"column":23},"end":{"line":25,"column":5}}}},"branchMap":{"0":{"loc":{"start":{"line":6,"column":12},"end":{"line":6,"column":null}},"type":"binary-expr","locations":[{"start":{"line":6,"column":12},"end":{"line":6,"column":27}},{"start":{"line":6,"column":27},"end":{"line":6,"column":null}}]}},"s":{"0":1,"1":1,"2":1,"3":1,"4":1,"5":1,"6":1,"7":1,"8":1,"9":1,"10":1,"11":1,"12":1,"13":1},"f":{"0":1,"1":1},"b":{"0":[1,1]}}
,"C:\\Users\\mrtia\\three\\archmaker2v\\src\\plugins\\wall-tool\\WallTool.ts": {"path":"C:\\Users\\mrtia\\three\\archmaker2v\\src\\plugins\\wall-tool\\WallTool.ts","statementMap":{"0":{"start":{"line":29,"column":8},"end":{"line":29,"column":null}},"1":{"start":{"line":30,"column":8},"end":{"line":30,"column":null}},"2":{"start":{"line":12,"column":13},"end":{"line":12,"column":null}},"3":{"start":{"line":13,"column":13},"end":{"line":19,"column":null}},"4":{"start":{"line":21,"column":12},"end":{"line":21,"column":null}},"5":{"start":{"line":22,"column":12},"end":{"line":22,"column":null}},"6":{"start":{"line":23,"column":12},"end":{"line":23,"column":null}},"7":{"start":{"line":24,"column":12},"end":{"line":24,"column":null}},"8":{"start":{"line":25,"column":12},"end":{"line":25,"column":null}},"9":{"start":{"line":33,"column":24},"end":{"line":33,"column":46}},"10":{"start":{"line":34,"column":8},"end":{"line":40,"column":10}},"11":{"start":{"line":44,"column":8},"end":{"line":44,"column":40}},"12":{"start":{"line":45,"column":8},"end":{"line":45,"column":50}},"13":{"start":{"line":49,"column":8},"end":{"line":49,"column":37}},"14":{"start":{"line":50,"column":8},"end":{"line":50,"column":47}},"15":{"start":{"line":54,"column":8},"end":{"line":54,"column":29}},"16":{"start":{"line":55,"column":8},"end":{"line":55,"column":48}},"17":{"start":{"line":59,"column":8},"end":{"line":59,"column":30}},"18":{"start":{"line":60,"column":8},"end":{"line":60,"column":29}},"19":{"start":{"line":61,"column":8},"end":{"line":61,"column":50}},"20":{"start":{"line":65,"column":8},"end":{"line":82,"column":10}},"21":{"start":{"line":86,"column":8},"end":{"line":86,"column":49}},"22":{"start":{"line":86,"column":42},"end":{"line":86,"column":49}},"23":{"start":{"line":88,"column":8},"end":{"line":88,"column":35}},"24":{"start":{"line":89,"column":8},"end":{"line":89,"column":54}},"25":{"start":{"line":90,"column":8},"end":{"line":90,"column":72}},"26":{"start":{"line":94,"column":8},"end":{"line":94,"column":49}},"27":{"start":{"line":94,"column":42},"end":{"line":94,"column":49}},"28":{"start":{"line":96,"column":8},"end":{"line":96,"column":33}},"29":{"start":{"line":97,"column":8},"end":{"line":97,"column":29}},"30":{"start":{"line":98,"column":8},"end":{"line":98,"column":56}},"31":{"start":{"line":99,"column":8},"end":{"line":99,"column":74}},"32":{"start":{"line":103,"column":8},"end":{"line":103,"column":44}},"33":{"start":{"line":107,"column":8},"end":{"line":107,"column":74}},"34":{"start":{"line":107,"column":67},"end":{"line":107,"column":74}},"35":{"start":{"line":109,"column":8},"end":{"line":109,"column":30}},"36":{"start":{"line":110,"column":8},"end":{"line":110,"column":32}},"37":{"start":{"line":111,"column":8},"end":{"line":111,"column":61}},"38":{"start":{"line":115,"column":8},"end":{"line":115,"column":36}},"39":{"start":{"line":115,"column":29},"end":{"line":115,"column":36}},"40":{"start":{"line":116,"column":8},"end":{"line":116,"column":61}},"41":{"start":{"line":120,"column":8},"end":{"line":120,"column":56}},"42":{"start":{"line":120,"column":49},"end":{"line":120,"column":56}},"43":{"start":{"line":122,"column":8},"end":{"line":134,"column":9}},"44":{"start":{"line":123,"column":12},"end":{"line":129,"column":15}},"45":{"start":{"line":130,"column":12},"end":{"line":130,"column":85}},"46":{"start":{"line":132,"column":29},"end":{"line":132,"column":94}},"47":{"start":{"line":133,"column":12},"end":{"line":133,"column":65}},"48":{"start":{"line":136,"column":8},"end":{"line":136,"column":29}},"49":{"start":{"line":140,"column":8},"end":{"line":140,"column":31}},"50":{"start":{"line":141,"column":8},"end":{"line":141,"column":31}},"51":{"start":{"line":142,"column":8},"end":{"line":142,"column":52}}},"fnMap":{"0":{"name":"(anonymous_0)","decl":{"start":{"line":27,"column":4},"end":{"line":27,"column":null}},"loc":{"start":{"line":31,"column":37},"end":{"line":41,"column":5}}},"1":{"name":"(anonymous_1)","decl":{"start":{"line":43,"column":4},"end":{"line":43,"column":9}},"loc":{"start":{"line":43,"column":20},"end":{"line":46,"column":5}}},"2":{"name":"(anonymous_2)","decl":{"start":{"line":48,"column":4},"end":{"line":48,"column":9}},"loc":{"start":{"line":48,"column":17},"end":{"line":51,"column":5}}},"3":{"name":"(anonymous_3)","decl":{"start":{"line":53,"column":4},"end":{"line":53,"column":9}},"loc":{"start":{"line":53,"column":18},"end":{"line":56,"column":5}}},"4":{"name":"(anonymous_4)","decl":{"start":{"line":58,"column":4},"end":{"line":58,"column":9}},"loc":{"start":{"line":58,"column":20},"end":{"line":62,"column":5}}},"5":{"name":"(anonymous_5)","decl":{"start":{"line":64,"column":4},"end":{"line":64,"column":12}},"loc":{"start":{"line":64,"column":12},"end":{"line":83,"column":5}}},"6":{"name":"(anonymous_6)","decl":{"start":{"line":85,"column":4},"end":{"line":85,"column":9}},"loc":{"start":{"line":85,"column":37},"end":{"line":91,"column":5}}},"7":{"name":"(anonymous_7)","decl":{"start":{"line":93,"column":4},"end":{"line":93,"column":9}},"loc":{"start":{"line":93,"column":39},"end":{"line":100,"column":5}}},"8":{"name":"(anonymous_8)","decl":{"start":{"line":102,"column":4},"end":{"line":102,"column":16}},"loc":{"start":{"line":102,"column":31},"end":{"line":104,"column":5}}},"9":{"name":"(anonymous_9)","decl":{"start":{"line":106,"column":4},"end":{"line":106,"column":16}},"loc":{"start":{"line":106,"column":29},"end":{"line":112,"column":5}}},"10":{"name":"(anonymous_10)","decl":{"start":{"line":114,"column":4},"end":{"line":114,"column":17}},"loc":{"start":{"line":114,"column":30},"end":{"line":117,"column":5}}},"11":{"name":"(anonymous_11)","decl":{"start":{"line":119,"column":4},"end":{"line":119,"column":9}},"loc":{"start":{"line":119,"column":36},"end":{"line":137,"column":5}}},"12":{"name":"(anonymous_12)","decl":{"start":{"line":139,"column":4},"end":{"line":139,"column":17}},"loc":{"start":{"line":139,"column":17},"end":{"line":143,"column":5}}}},"branchMap":{"0":{"loc":{"start":{"line":86,"column":8},"end":{"line":86,"column":49}},"type":"if","locations":[{"start":{"line":86,"column":8},"end":{"line":86,"column":49}}]},"1":{"loc":{"start":{"line":94,"column":8},"end":{"line":94,"column":49}},"type":"if","locations":[{"start":{"line":94,"column":8},"end":{"line":94,"column":49}}]},"2":{"loc":{"start":{"line":107,"column":8},"end":{"line":107,"column":74}},"type":"if","locations":[{"start":{"line":107,"column":8},"end":{"line":107,"column":74}}]},"3":{"loc":{"start":{"line":107,"column":12},"end":{"line":107,"column":65}},"type":"binary-expr","locations":[{"start":{"line":107,"column":12},"end":{"line":107,"column":26}},{"start":{"line":107,"column":30},"end":{"line":107,"column":65}}]},"4":{"loc":{"start":{"line":115,"column":8},"end":{"line":115,"column":36}},"type":"if","locations":[{"start":{"line":115,"column":8},"end":{"line":115,"column":36}}]},"5":{"loc":{"start":{"line":120,"column":8},"end":{"line":120,"column":56}},"type":"if","locations":[{"start":{"line":120,"column":8},"end":{"line":120,"column":56}}]},"6":{"loc":{"start":{"line":120,"column":12},"end":{"line":120,"column":47}},"type":"binary-expr","locations":[{"start":{"line":120,"column":12},"end":{"line":120,"column":27}},{"start":{"line":120,"column":31},"end":{"line":120,"column":47}}]},"7":{"loc":{"start":{"line":132,"column":39},"end":{"line":132,"column":93}},"type":"cond-expr","locations":[{"start":{"line":132,"column":64},"end":{"line":132,"column":77}},{"start":{"line":132,"column":80},"end":{"line":132,"column":93}}]}},"s":{"0":0,"1":0,"2":0,"3":0,"4":0,"5":0,"6":0,"7":0,"8":0,"9":0,"10":0,"11":0,"12":0,"13":0,"14":0,"15":0,"16":0,"17":0,"18":0,"19":0,"20":0,"21":0,"22":0,"23":0,"24":0,"25":0,"26":0,"27":0,"28":0,"29":0,"30":0,"31":0,"32":0,"33":0,"34":0,"35":0,"36":0,"37":0,"38":0,"39":0,"40":0,"41":0,"42":0,"43":0,"44":0,"45":0,"46":0,"47":0,"48":0,"49":0,"50":0,"51":0},"f":{"0":0,"1":0,"2":0,"3":0,"4":0,"5":0,"6":0,"7":0,"8":0,"9":0,"10":0,"11":0,"12":0},"b":{"0":[0],"1":[0],"2":[0],"3":[0,0],"4":[0],"5":[0],"6":[0,0],"7":[0,0]}}
,"C:\\Users\\mrtia\\three\\archmaker2v\\src\\plugins\\wall-tool\\commands\\AddWallCommand.ts": {"path":"C:\\Users\\mrtia\\three\\archmaker2v\\src\\plugins\\wall-tool\\commands\\AddWallCommand.ts","statementMap":{"0":{"start":{"line":9,"column":8},"end":{"line":9,"column":null}},"1":{"start":{"line":10,"column":8},"end":{"line":10,"column":null}},"2":{"start":{"line":6,"column":12},"end":{"line":6,"column":null}},"3":{"start":{"line":14,"column":8},"end":{"line":14,"column":80}},"4":{"start":{"line":18,"column":8},"end":{"line":20,"column":9}},"5":{"start":{"line":19,"column":12},"end":{"line":19,"column":78}},"6":{"start":{"line":22,"column":8},"end":{"line":22,"column":62}},"7":{"start":{"line":5,"column":0},"end":{"line":5,"column":13}}},"fnMap":{"0":{"name":"(anonymous_0)","decl":{"start":{"line":8,"column":4},"end":{"line":8,"column":null}},"loc":{"start":{"line":10,"column":51},"end":{"line":11,"column":8}}},"1":{"name":"(anonymous_1)","decl":{"start":{"line":13,"column":4},"end":{"line":13,"column":9}},"loc":{"start":{"line":13,"column":17},"end":{"line":15,"column":5}}},"2":{"name":"(anonymous_2)","decl":{"start":{"line":17,"column":4},"end":{"line":17,"column":9}},"loc":{"start":{"line":17,"column":14},"end":{"line":23,"column":5}}}},"branchMap":{"0":{"loc":{"start":{"line":18,"column":8},"end":{"line":20,"column":9}},"type":"if","locations":[{"start":{"line":18,"column":8},"end":{"line":20,"column":9}}]}},"s":{"0":3,"1":3,"2":3,"3":2,"4":2,"5":1,"6":1,"7":1},"f":{"0":3,"1":2,"2":2},"b":{"0":[1]}}
,"C:\\Users\\mrtia\\three\\archmaker2v\\src\\plugins\\wall-tool\\commands\\RemoveWallCommand.ts": {"path":"C:\\Users\\mrtia\\three\\archmaker2v\\src\\plugins\\wall-tool\\commands\\RemoveWallCommand.ts","statementMap":{"0":{"start":{"line":9,"column":8},"end":{"line":9,"column":null}},"1":{"start":{"line":10,"column":8},"end":{"line":10,"column":null}},"2":{"start":{"line":6,"column":12},"end":{"line":6,"column":null}},"3":{"start":{"line":15,"column":8},"end":{"line":15,"column":71}},"4":{"start":{"line":16,"column":8},"end":{"line":18,"column":9}},"5":{"start":{"line":17,"column":12},"end":{"line":17,"column":46}},"6":{"start":{"line":20,"column":8},"end":{"line":20,"column":55}},"7":{"start":{"line":24,"column":8},"end":{"line":26,"column":9}},"8":{"start":{"line":25,"column":12},"end":{"line":25,"column":78}},"9":{"start":{"line":28,"column":53},"end":{"line":28,"column":69}},"10":{"start":{"line":29,"column":8},"end":{"line":29,"column":54}},"11":{"start":{"line":5,"column":0},"end":{"line":5,"column":13}}},"fnMap":{"0":{"name":"(anonymous_0)","decl":{"start":{"line":8,"column":4},"end":{"line":8,"column":null}},"loc":{"start":{"line":10,"column":39},"end":{"line":11,"column":8}}},"1":{"name":"(anonymous_1)","decl":{"start":{"line":13,"column":4},"end":{"line":13,"column":9}},"loc":{"start":{"line":13,"column":17},"end":{"line":21,"column":5}}},"2":{"name":"(anonymous_2)","decl":{"start":{"line":23,"column":4},"end":{"line":23,"column":9}},"loc":{"start":{"line":23,"column":14},"end":{"line":30,"column":5}}}},"branchMap":{"0":{"loc":{"start":{"line":16,"column":8},"end":{"line":18,"column":9}},"type":"if","locations":[{"start":{"line":16,"column":8},"end":{"line":18,"column":9}}]},"1":{"loc":{"start":{"line":24,"column":8},"end":{"line":26,"column":9}},"type":"if","locations":[{"start":{"line":24,"column":8},"end":{"line":26,"column":9}}]}},"s":{"0":4,"1":4,"2":4,"3":3,"4":3,"5":1,"6":2,"7":2,"8":1,"9":1,"10":1,"11":1},"f":{"0":4,"1":3,"2":2},"b":{"0":[1],"1":[1]}}
,"C:\\Users\\mrtia\\three\\archmaker2v\\src\\plugins\\wall-tool\\commands\\UpdateWallCommand.ts": {"path":"C:\\Users\\mrtia\\three\\archmaker2v\\src\\plugins\\wall-tool\\commands\\UpdateWallCommand.ts","statementMap":{"0":{"start":{"line":9,"column":8},"end":{"line":9,"column":null}},"1":{"start":{"line":10,"column":8},"end":{"line":10,"column":null}},"2":{"start":{"line":11,"column":8},"end":{"line":11,"column":null}},"3":{"start":{"line":6,"column":12},"end":{"line":6,"column":null}},"4":{"start":{"line":16,"column":8},"end":{"line":16,"column":72}},"5":{"start":{"line":17,"column":8},"end":{"line":19,"column":9}},"6":{"start":{"line":18,"column":12},"end":{"line":18,"column":46}},"7":{"start":{"line":21,"column":8},"end":{"line":21,"column":78}},"8":{"start":{"line":25,"column":8},"end":{"line":27,"column":9}},"9":{"start":{"line":26,"column":12},"end":{"line":26,"column":78}},"10":{"start":{"line":29,"column":57},"end":{"line":33,"column":10}},"11":{"start":{"line":35,"column":8},"end":{"line":35,"column":75}},"12":{"start":{"line":5,"column":0},"end":{"line":5,"column":13}}},"fnMap":{"0":{"name":"(anonymous_0)","decl":{"start":{"line":8,"column":4},"end":{"line":8,"column":null}},"loc":{"start":{"line":11,"column":63},"end":{"line":12,"column":8}}},"1":{"name":"(anonymous_1)","decl":{"start":{"line":14,"column":4},"end":{"line":14,"column":9}},"loc":{"start":{"line":14,"column":17},"end":{"line":22,"column":5}}},"2":{"name":"(anonymous_2)","decl":{"start":{"line":24,"column":4},"end":{"line":24,"column":9}},"loc":{"start":{"line":24,"column":14},"end":{"line":36,"column":5}}}},"branchMap":{"0":{"loc":{"start":{"line":17,"column":8},"end":{"line":19,"column":9}},"type":"if","locations":[{"start":{"line":17,"column":8},"end":{"line":19,"column":9}}]},"1":{"loc":{"start":{"line":25,"column":8},"end":{"line":27,"column":9}},"type":"if","locations":[{"start":{"line":25,"column":8},"end":{"line":27,"column":9}}]}},"s":{"0":4,"1":4,"2":4,"3":4,"4":3,"5":3,"6":1,"7":2,"8":2,"9":1,"10":1,"11":1,"12":1},"f":{"0":4,"1":3,"2":2},"b":{"0":[1],"1":[1]}}
,"C:\\Users\\mrtia\\three\\archmaker2v\\src\\plugins\\wall-tool\\renderers\\WallRenderer2D.ts": {"path":"C:\\Users\\mrtia\\three\\archmaker2v\\src\\plugins\\wall-tool\\renderers\\WallRenderer2D.ts","statementMap":{"0":{"start":{"line":22,"column":8},"end":{"line":22,"column":null}},"1":{"start":{"line":23,"column":8},"end":{"line":23,"column":null}},"2":{"start":{"line":24,"column":8},"end":{"line":24,"column":null}},"3":{"start":{"line":17,"column":12},"end":{"line":17,"column":null}},"4":{"start":{"line":18,"column":12},"end":{"line":18,"column":null}},"5":{"start":{"line":19,"column":12},"end":{"line":19,"column":null}},"6":{"start":{"line":28,"column":8},"end":{"line":28,"column":56}},"7":{"start":{"line":29,"column":8},"end":{"line":29,"column":34}},"8":{"start":{"line":33,"column":8},"end":{"line":33,"column":53}},"9":{"start":{"line":34,"column":8},"end":{"line":34,"column":26}},"10":{"start":{"line":39,"column":8},"end":{"line":39,"column":26}},"11":{"start":{"line":42,"column":22},"end":{"line":42,"column":54}},"12":{"start":{"line":43,"column":8},"end":{"line":45,"column":9}},"13":{"start":{"line":44,"column":12},"end":{"line":44,"column":40}},"14":{"start":{"line":47,"column":8},"end":{"line":47,"column":38}},"15":{"start":{"line":51,"column":8},"end":{"line":57,"column":9}},"16":{"start":{"line":52,"column":12},"end":{"line":55,"column":13}},"17":{"start":{"line":53,"column":16},"end":{"line":53,"column":43}},"18":{"start":{"line":54,"column":16},"end":{"line":54,"column":40}},"19":{"start":{"line":56,"column":12},"end":{"line":56,"column":19}},"20":{"start":{"line":59,"column":25},"end":{"line":59,"column":66}},"21":{"start":{"line":61,"column":8},"end":{"line":82,"column":9}},"22":{"start":{"line":62,"column":12},"end":{"line":73,"column":15}},"23":{"start":{"line":74,"column":12},"end":{"line":74,"column":52}},"24":{"start":{"line":76,"column":12},"end":{"line":81,"column":15}},"25":{"start":{"line":84,"column":8},"end":{"line":84,"column":38}},"26":{"start":{"line":89,"column":8},"end":{"line":94,"column":9}},"27":{"start":{"line":90,"column":33},"end":{"line":90,"column":68}},"28":{"start":{"line":91,"column":12},"end":{"line":93,"column":13}},"29":{"start":{"line":92,"column":16},"end":{"line":92,"column":61}},"30":{"start":{"line":96,"column":8},"end":{"line":96,"column":37}},"31":{"start":{"line":99,"column":8},"end":{"line":104,"column":9}},"32":{"start":{"line":100,"column":25},"end":{"line":100,"column":47}},"33":{"start":{"line":101,"column":12},"end":{"line":103,"column":13}},"34":{"start":{"line":102,"column":16},"end":{"line":102,"column":55}},"35":{"start":{"line":106,"column":8},"end":{"line":106,"column":38}},"36":{"start":{"line":110,"column":8},"end":{"line":118,"column":9}},"37":{"start":{"line":111,"column":27},"end":{"line":111,"column":40}},"38":{"start":{"line":112,"column":26},"end":{"line":112,"column":56}},"39":{"start":{"line":113,"column":24},"end":{"line":113,"column":54}},"40":{"start":{"line":115,"column":12},"end":{"line":117,"column":13}},"41":{"start":{"line":116,"column":16},"end":{"line":116,"column":26}},"42":{"start":{"line":119,"column":8},"end":{"line":119,"column":20}},"43":{"start":{"line":123,"column":21},"end":{"line":133,"column":10}},"44":{"start":{"line":136,"column":8},"end":{"line":142,"column":11}},"45":{"start":{"line":137,"column":12},"end":{"line":137,"column":51}},"46":{"start":{"line":138,"column":12},"end":{"line":141,"column":13}},"47":{"start":{"line":139,"column":16},"end":{"line":139,"column":55}},"48":{"start":{"line":140,"column":16},"end":{"line":140,"column":46}},"49":{"start":{"line":144,"column":8},"end":{"line":150,"column":11}},"50":{"start":{"line":145,"column":12},"end":{"line":145,"column":51}},"51":{"start":{"line":146,"column":12},"end":{"line":149,"column":13}},"52":{"start":{"line":147,"column":16},"end":{"line":147,"column":53}},"53":{"start":{"line":148,"column":16},"end":{"line":148,"column":46}},"54":{"start":{"line":152,"column":8},"end":{"line":152,"column":38}},"55":{"start":{"line":153,"column":8},"end":{"line":153,"column":36}},"56":{"start":{"line":157,"column":8},"end":{"line":159,"column":9}},"57":{"start":{"line":158,"column":12},"end":{"line":158,"column":27}},"58":{"start":{"line":160,"column":8},"end":{"line":160,"column":27}},"59":{"start":{"line":161,"column":8},"end":{"line":161,"column":35}},"60":{"start":{"line":165,"column":18},"end":{"line":165,"column":35}},"61":{"start":{"line":166,"column":18},"end":{"line":166,"column":35}},"62":{"start":{"line":167,"column":18},"end":{"line":167,"column":33}},"63":{"start":{"line":168,"column":18},"end":{"line":168,"column":33}},"64":{"start":{"line":170,"column":20},"end":{"line":170,"column":33}},"65":{"start":{"line":171,"column":22},"end":{"line":171,"column":35}},"66":{"start":{"line":172,"column":20},"end":{"line":172,"column":22}},"67":{"start":{"line":174,"column":8},"end":{"line":176,"column":9}},"68":{"start":{"line":175,"column":12},"end":{"line":175,"column":32}},"69":{"start":{"line":180,"column":8},"end":{"line":189,"column":9}},"70":{"start":{"line":181,"column":12},"end":{"line":181,"column":25}},"71":{"start":{"line":182,"column":12},"end":{"line":182,"column":25}},"72":{"start":{"line":183,"column":15},"end":{"line":189,"column":9}},"73":{"start":{"line":184,"column":12},"end":{"line":184,"column":23}},"74":{"start":{"line":185,"column":12},"end":{"line":185,"column":23}},"75":{"start":{"line":187,"column":12},"end":{"line":187,"column":37}},"76":{"start":{"line":188,"column":12},"end":{"line":188,"column":37}},"77":{"start":{"line":191,"column":19},"end":{"line":191,"column":31}},"78":{"start":{"line":192,"column":19},"end":{"line":192,"column":31}},"79":{"start":{"line":194,"column":8},"end":{"line":194,"column":57}}},"fnMap":{"0":{"name":"(anonymous_0)","decl":{"start":{"line":21,"column":4},"end":{"line":21,"column":null}},"loc":{"start":{"line":24,"column":40},"end":{"line":25,"column":8}}},"1":{"name":"(anonymous_1)","decl":{"start":{"line":27,"column":11},"end":{"line":27,"column":16}},"loc":{"start":{"line":27,"column":27},"end":{"line":30,"column":5}}},"2":{"name":"(anonymous_2)","decl":{"start":{"line":32,"column":11},"end":{"line":32,"column":16}},"loc":{"start":{"line":32,"column":24},"end":{"line":35,"column":5}}},"3":{"name":"(anonymous_3)","decl":{"start":{"line":37,"column":11},"end":{"line":37,"column":16}},"loc":{"start":{"line":37,"column":29},"end":{"line":48,"column":5}}},"4":{"name":"(anonymous_4)","decl":{"start":{"line":50,"column":11},"end":{"line":50,"column":24}},"loc":{"start":{"line":50,"column":48},"end":{"line":85,"column":5}}},"5":{"name":"(anonymous_5)","decl":{"start":{"line":87,"column":11},"end":{"line":87,"column":21}},"loc":{"start":{"line":87,"column":43},"end":{"line":107,"column":5}}},"6":{"name":"(anonymous_6)","decl":{"start":{"line":109,"column":11},"end":{"line":109,"column":26}},"loc":{"start":{"line":109,"column":62},"end":{"line":120,"column":5}}},"7":{"name":"(anonymous_7)","decl":{"start":{"line":122,"column":12},"end":{"line":122,"column":17}},"loc":{"start":{"line":122,"column":39},"end":{"line":154,"column":5}}},"8":{"name":"(anonymous_8)","decl":{"start":{"line":136,"column":30},"end":{"line":136,"column":33}},"loc":{"start":{"line":136,"column":35},"end":{"line":142,"column":9}}},"9":{"name":"(anonymous_9)","decl":{"start":{"line":144,"column":30},"end":{"line":144,"column":33}},"loc":{"start":{"line":144,"column":35},"end":{"line":150,"column":9}}},"10":{"name":"(anonymous_10)","decl":{"start":{"line":156,"column":12},"end":{"line":156,"column":22}},"loc":{"start":{"line":156,"column":22},"end":{"line":162,"column":5}}},"11":{"name":"(anonymous_11)","decl":{"start":{"line":164,"column":12},"end":{"line":164,"column":27}},"loc":{"start":{"line":164,"column":85},"end":{"line":195,"column":5}}}},"branchMap":{"0":{"loc":{"start":{"line":51,"column":8},"end":{"line":57,"column":9}},"type":"if","locations":[{"start":{"line":51,"column":8},"end":{"line":57,"column":9}}]},"1":{"loc":{"start":{"line":51,"column":12},"end":{"line":51,"column":49}},"type":"binary-expr","locations":[{"start":{"line":51,"column":12},"end":{"line":51,"column":28}},{"start":{"line":51,"column":32},"end":{"line":51,"column":49}}]},"2":{"loc":{"start":{"line":52,"column":12},"end":{"line":55,"column":13}},"type":"if","locations":[{"start":{"line":52,"column":12},"end":{"line":55,"column":13}}]},"3":{"loc":{"start":{"line":59,"column":25},"end":{"line":59,"column":66}},"type":"binary-expr","locations":[{"start":{"line":59,"column":25},"end":{"line":59,"column":46}},{"start":{"line":59,"column":50},"end":{"line":59,"column":66}}]},"4":{"loc":{"start":{"line":61,"column":8},"end":{"line":82,"column":9}},"type":"if","locations":[{"start":{"line":61,"column":8},"end":{"line":82,"column":9}},{"start":{"line":75,"column":15},"end":{"line":82,"column":9}}]},"5":{"loc":{"start":{"line":89,"column":8},"end":{"line":94,"column":9}},"type":"if","locations":[{"start":{"line":89,"column":8},"end":{"line":94,"column":9}}]},"6":{"loc":{"start":{"line":91,"column":12},"end":{"line":93,"column":13}},"type":"if","locations":[{"start":{"line":91,"column":12},"end":{"line":93,"column":13}}]},"7":{"loc":{"start":{"line":99,"column":8},"end":{"line":104,"column":9}},"type":"if","locations":[{"start":{"line":99,"column":8},"end":{"line":104,"column":9}}]},"8":{"loc":{"start":{"line":101,"column":12},"end":{"line":103,"column":13}},"type":"if","locations":[{"start":{"line":101,"column":12},"end":{"line":103,"column":13}}]},"9":{"loc":{"start":{"line":109,"column":41},"end":{"line":109,"column":62}},"type":"default-arg","locations":[{"start":{"line":109,"column":61},"end":{"line":109,"column":62}}]},"10":{"loc":{"start":{"line":115,"column":12},"end":{"line":117,"column":13}},"type":"if","locations":[{"start":{"line":115,"column":12},"end":{"line":117,"column":13}}]},"11":{"loc":{"start":{"line":138,"column":12},"end":{"line":141,"column":13}},"type":"if","locations":[{"start":{"line":138,"column":12},"end":{"line":141,"column":13}}]},"12":{"loc":{"start":{"line":146,"column":12},"end":{"line":149,"column":13}},"type":"if","locations":[{"start":{"line":146,"column":12},"end":{"line":149,"column":13}}]},"13":{"loc":{"start":{"line":174,"column":8},"end":{"line":176,"column":9}},"type":"if","locations":[{"start":{"line":174,"column":8},"end":{"line":176,"column":9}}]},"14":{"loc":{"start":{"line":180,"column":8},"end":{"line":189,"column":9}},"type":"if","locations":[{"start":{"line":180,"column":8},"end":{"line":189,"column":9}},{"start":{"line":183,"column":15},"end":{"line":189,"column":9}}]},"15":{"loc":{"start":{"line":183,"column":15},"end":{"line":189,"column":9}},"type":"if","locations":[{"start":{"line":183,"column":15},"end":{"line":189,"column":9}},{"start":{"line":186,"column":15},"end":{"line":189,"column":9}}]}},"s":{"0":0,"1":0,"2":0,"3":0,"4":0,"5":0,"6":0,"7":0,"8":0,"9":0,"10":0,"11":0,"12":0,"13":0,"14":0,"15":0,"16":0,"17":0,"18":0,"19":0,"20":0,"21":0,"22":0,"23":0,"24":0,"25":0,"26":0,"27":0,"28":0,"29":0,"30":0,"31":0,"32":0,"33":0,"34":0,"35":0,"36":0,"37":0,"38":0,"39":0,"40":0,"41":0,"42":0,"43":0,"44":0,"45":0,"46":0,"47":0,"48":0,"49":0,"50":0,"51":0,"52":0,"53":0,"54":0,"55":0,"56":0,"57":0,"58":0,"59":0,"60":0,"61":0,"62":0,"63":0,"64":0,"65":0,"66":0,"67":0,"68":0,"69":0,"70":0,"71":0,"72":0,"73":0,"74":0,"75":0,"76":0,"77":0,"78":0,"79":0},"f":{"0":0,"1":0,"2":0,"3":0,"4":0,"5":0,"6":0,"7":0,"8":0,"9":0,"10":0,"11":0},"b":{"0":[0],"1":[0,0],"2":[0],"3":[0,0],"4":[0,0],"5":[0],"6":[0],"7":[0],"8":[0],"9":[0],"10":[0],"11":[0],"12":[0],"13":[0],"14":[0,0],"15":[0,0]}}
,"C:\\Users\\mrtia\\three\\archmaker2v\\src\\plugins\\wall-tool\\renderers\\WallRenderer3D.ts": {"path":"C:\\Users\\mrtia\\three\\archmaker2v\\src\\plugins\\wall-tool\\renderers\\WallRenderer3D.ts","statementMap":{"0":{"start":{"line":1,"column":0},"end":{"line":1,"column":31}},"1":{"start":{"line":21,"column":8},"end":{"line":21,"column":null}},"2":{"start":{"line":22,"column":8},"end":{"line":22,"column":null}},"3":{"start":{"line":23,"column":8},"end":{"line":23,"column":null}},"4":{"start":{"line":14,"column":12},"end":{"line":14,"column":null}},"5":{"start":{"line":15,"column":12},"end":{"line":15,"column":null}},"6":{"start":{"line":16,"column":12},"end":{"line":16,"column":null}},"7":{"start":{"line":17,"column":12},"end":{"line":17,"column":null}},"8":{"start":{"line":18,"column":12},"end":{"line":18,"column":null}},"9":{"start":{"line":25,"column":8},"end":{"line":28,"column":11}},"10":{"start":{"line":30,"column":8},"end":{"line":35,"column":11}},"11":{"start":{"line":38,"column":8},"end":{"line":40,"column":9}},"12":{"start":{"line":39,"column":12},"end":{"line":39,"column":51}},"13":{"start":{"line":44,"column":8},"end":{"line":44,"column":56}},"14":{"start":{"line":45,"column":8},"end":{"line":45,"column":34}},"15":{"start":{"line":49,"column":8},"end":{"line":49,"column":53}},"16":{"start":{"line":50,"column":8},"end":{"line":50,"column":26}},"17":{"start":{"line":53,"column":8},"end":{"line":53,"column":39}},"18":{"start":{"line":54,"column":8},"end":{"line":54,"column":40}},"19":{"start":{"line":55,"column":8},"end":{"line":55,"column":67}},"20":{"start":{"line":55,"column":47},"end":{"line":55,"column":65}},"21":{"start":{"line":56,"column":8},"end":{"line":56,"column":35}},"22":{"start":{"line":60,"column":8},"end":{"line":60,"column":26}},"23":{"start":{"line":61,"column":22},"end":{"line":61,"column":54}},"24":{"start":{"line":62,"column":8},"end":{"line":64,"column":9}},"25":{"start":{"line":63,"column":12},"end":{"line":63,"column":40}},"26":{"start":{"line":69,"column":8},"end":{"line":78,"column":9}},"27":{"start":{"line":70,"column":33},"end":{"line":70,"column":80}},"28":{"start":{"line":71,"column":12},"end":{"line":77,"column":13}},"29":{"start":{"line":72,"column":33},"end":{"line":72,"column":76}},"30":{"start":{"line":73,"column":29},"end":{"line":73,"column":64}},"31":{"start":{"line":74,"column":16},"end":{"line":76,"column":17}},"32":{"start":{"line":75,"column":20},"end":{"line":75,"column":45}},"33":{"start":{"line":80,"column":8},"end":{"line":80,"column":37}},"34":{"start":{"line":83,"column":8},"end":{"line":91,"column":9}},"35":{"start":{"line":84,"column":25},"end":{"line":84,"column":59}},"36":{"start":{"line":85,"column":12},"end":{"line":90,"column":13}},"37":{"start":{"line":86,"column":29},"end":{"line":86,"column":51}},"38":{"start":{"line":87,"column":16},"end":{"line":89,"column":17}},"39":{"start":{"line":88,"column":20},"end":{"line":88,"column":58}},"40":{"start":{"line":95,"column":25},"end":{"line":95,"column":54}},"41":{"start":{"line":96,"column":25},"end":{"line":96,"column":60}},"42":{"start":{"line":97,"column":21},"end":{"line":97,"column":55}},"43":{"start":{"line":100,"column":24},"end":{"line":100,"column":65}},"44":{"start":{"line":101,"column":24},"end":{"line":101,"column":39}},"45":{"start":{"line":102,"column":24},"end":{"line":102,"column":66}},"46":{"start":{"line":104,"column":8},"end":{"line":104,"column":53}},"47":{"start":{"line":105,"column":8},"end":{"line":105,"column":38}},"48":{"start":{"line":107,"column":8},"end":{"line":107,"column":38}},"49":{"start":{"line":108,"column":8},"end":{"line":108,"column":36}},"50":{"start":{"line":112,"column":8},"end":{"line":116,"column":10}},"51":{"start":{"line":120,"column":25},"end":{"line":120,"column":62}},"52":{"start":{"line":121,"column":8},"end":{"line":123,"column":9}},"53":{"start":{"line":122,"column":12},"end":{"line":122,"column":28}},"54":{"start":{"line":126,"column":28},"end":{"line":129,"column":10}},"55":{"start":{"line":130,"column":8},"end":{"line":130,"column":59}},"56":{"start":{"line":131,"column":8},"end":{"line":131,"column":27}},"57":{"start":{"line":135,"column":8},"end":{"line":138,"column":9}},"58":{"start":{"line":136,"column":12},"end":{"line":136,"column":36}},"59":{"start":{"line":137,"column":12},"end":{"line":137,"column":43}},"60":{"start":{"line":139,"column":8},"end":{"line":139,"column":27}},"61":{"start":{"line":140,"column":8},"end":{"line":140,"column":35}},"62":{"start":{"line":13,"column":0},"end":{"line":13,"column":13}}},"fnMap":{"0":{"name":"(anonymous_6)","decl":{"start":{"line":20,"column":4},"end":{"line":20,"column":null}},"loc":{"start":{"line":23,"column":40},"end":{"line":41,"column":5}}},"1":{"name":"(anonymous_7)","decl":{"start":{"line":43,"column":11},"end":{"line":43,"column":16}},"loc":{"start":{"line":43,"column":27},"end":{"line":46,"column":5}}},"2":{"name":"(anonymous_8)","decl":{"start":{"line":48,"column":11},"end":{"line":48,"column":16}},"loc":{"start":{"line":48,"column":24},"end":{"line":57,"column":5}}},"3":{"name":"(anonymous_9)","decl":{"start":{"line":55,"column":35},"end":{"line":55,"column":43}},"loc":{"start":{"line":55,"column":47},"end":{"line":55,"column":65}}},"4":{"name":"(anonymous_10)","decl":{"start":{"line":59,"column":11},"end":{"line":59,"column":16}},"loc":{"start":{"line":59,"column":29},"end":{"line":65,"column":5}}},"5":{"name":"(anonymous_11)","decl":{"start":{"line":67,"column":11},"end":{"line":67,"column":16}},"loc":{"start":{"line":67,"column":49},"end":{"line":92,"column":5}}},"6":{"name":"(anonymous_12)","decl":{"start":{"line":94,"column":12},"end":{"line":94,"column":17}},"loc":{"start":{"line":94,"column":39},"end":{"line":109,"column":5}}},"7":{"name":"(anonymous_13)","decl":{"start":{"line":111,"column":12},"end":{"line":111,"column":30}},"loc":{"start":{"line":111,"column":41},"end":{"line":117,"column":5}}},"8":{"name":"(anonymous_14)","decl":{"start":{"line":119,"column":12},"end":{"line":119,"column":17}},"loc":{"start":{"line":119,"column":47},"end":{"line":132,"column":5}}},"9":{"name":"(anonymous_15)","decl":{"start":{"line":134,"column":12},"end":{"line":134,"column":22}},"loc":{"start":{"line":134,"column":22},"end":{"line":141,"column":5}}}},"branchMap":{"0":{"loc":{"start":{"line":69,"column":8},"end":{"line":78,"column":9}},"type":"if","locations":[{"start":{"line":69,"column":8},"end":{"line":78,"column":9}}]},"1":{"loc":{"start":{"line":71,"column":12},"end":{"line":77,"column":13}},"type":"if","locations":[{"start":{"line":71,"column":12},"end":{"line":77,"column":13}}]},"2":{"loc":{"start":{"line":74,"column":16},"end":{"line":76,"column":17}},"type":"if","locations":[{"start":{"line":74,"column":16},"end":{"line":76,"column":17}}]},"3":{"loc":{"start":{"line":83,"column":8},"end":{"line":91,"column":9}},"type":"if","locations":[{"start":{"line":83,"column":8},"end":{"line":91,"column":9}}]},"4":{"loc":{"start":{"line":85,"column":12},"end":{"line":90,"column":13}},"type":"if","locations":[{"start":{"line":85,"column":12},"end":{"line":90,"column":13}}]},"5":{"loc":{"start":{"line":87,"column":16},"end":{"line":89,"column":17}},"type":"if","locations":[{"start":{"line":87,"column":16},"end":{"line":89,"column":17}}]},"6":{"loc":{"start":{"line":121,"column":8},"end":{"line":123,"column":9}},"type":"if","locations":[{"start":{"line":121,"column":8},"end":{"line":123,"column":9}}]}},"s":{"0":1,"1":6,"2":6,"3":6,"4":6,"5":6,"6":6,"7":6,"8":6,"9":6,"10":6,"11":6,"12":0,"13":6,"14":6,"15":1,"16":1,"17":1,"18":1,"19":1,"20":1,"21":1,"22":7,"23":7,"24":7,"25":7,"26":2,"27":1,"28":1,"29":1,"30":1,"31":1,"32":1,"33":2,"34":2,"35":1,"36":1,"37":1,"38":1,"39":1,"40":7,"41":7,"42":7,"43":7,"44":7,"45":7,"46":7,"47":7,"48":7,"49":7,"50":7,"51":8,"52":8,"53":2,"54":6,"55":6,"56":6,"57":8,"58":2,"59":2,"60":8,"61":8,"62":1},"f":{"0":6,"1":6,"2":1,"3":1,"4":7,"5":2,"6":7,"7":7,"8":8,"9":8},"b":{"0":[1],"1":[1],"2":[1],"3":[1],"4":[1],"5":[1],"6":[2]}}
,"C:\\Users\\mrtia\\three\\archmaker2v\\src\\store\\ProjectStore.ts": {"path":"C:\\Users\\mrtia\\three\\archmaker2v\\src\\store\\ProjectStore.ts","statementMap":{"0":{"start":{"line":18,"column":16},"end":{"line":18,"column":63}},"1":{"start":{"line":21,"column":8},"end":{"line":21,"column":47}},"2":{"start":{"line":25,"column":8},"end":{"line":25,"column":45}},"3":{"start":{"line":29,"column":8},"end":{"line":29,"column":44}},"4":{"start":{"line":33,"column":8},"end":{"line":33,"column":41}},"5":{"start":{"line":37,"column":8},"end":{"line":37,"column":50}},"6":{"start":{"line":41,"column":8},"end":{"line":41,"column":53}}},"fnMap":{"0":{"name":"(anonymous_0)","decl":{"start":{"line":18,"column":4},"end":{"line":18,"column":16}},"loc":{"start":{"line":18,"column":60},"end":{"line":18,"column":64}}},"1":{"name":"(anonymous_1)","decl":{"start":{"line":20,"column":11},"end":{"line":20,"column":18}},"loc":{"start":{"line":20,"column":41},"end":{"line":22,"column":5}}},"2":{"name":"(anonymous_2)","decl":{"start":{"line":24,"column":11},"end":{"line":24,"column":18}},"loc":{"start":{"line":24,"column":29},"end":{"line":26,"column":5}}},"3":{"name":"(anonymous_3)","decl":{"start":{"line":28,"column":11},"end":{"line":28,"column":19}},"loc":{"start":{"line":28,"column":19},"end":{"line":30,"column":5}}},"4":{"name":"(anonymous_4)","decl":{"start":{"line":32,"column":11},"end":{"line":32,"column":21}},"loc":{"start":{"line":32,"column":32},"end":{"line":34,"column":5}}},"5":{"name":"(anonymous_5)","decl":{"start":{"line":36,"column":11},"end":{"line":36,"column":21}},"loc":{"start":{"line":36,"column":56},"end":{"line":38,"column":5}}},"6":{"name":"(anonymous_6)","decl":{"start":{"line":40,"column":11},"end":{"line":40,"column":20}},"loc":{"start":{"line":40,"column":41},"end":{"line":42,"column":5}}}},"branchMap":{},"s":{"0":0,"1":0,"2":0,"3":0,"4":0,"5":0,"6":0},"f":{"0":0,"1":0,"2":0,"3":0,"4":0,"5":0,"6":0},"b":{}}
,"C:\\Users\\mrtia\\three\\archmaker2v\\src\\store\\commands\\Command.ts": {"path":"C:\\Users\\mrtia\\three\\archmaker2v\\src\\store\\commands\\Command.ts","statementMap":{"0":{"start":{"line":7,"column":12},"end":{"line":7,"column":null}},"1":{"start":{"line":8,"column":12},"end":{"line":8,"column":null}},"2":{"start":{"line":9,"column":12},"end":{"line":9,"column":null}},"3":{"start":{"line":12,"column":8},"end":{"line":12,"column":26}},"4":{"start":{"line":13,"column":8},"end":{"line":13,"column":37}},"5":{"start":{"line":15,"column":8},"end":{"line":15,"column":28}},"6":{"start":{"line":18,"column":8},"end":{"line":20,"column":9}},"7":{"start":{"line":19,"column":12},"end":{"line":19,"column":35}},"8":{"start":{"line":24,"column":24},"end":{"line":24,"column":44}},"9":{"start":{"line":25,"column":8},"end":{"line":28,"column":9}},"10":{"start":{"line":26,"column":12},"end":{"line":26,"column":27}},"11":{"start":{"line":27,"column":12},"end":{"line":27,"column":41}},"12":{"start":{"line":32,"column":24},"end":{"line":32,"column":44}},"13":{"start":{"line":33,"column":8},"end":{"line":36,"column":9}},"14":{"start":{"line":34,"column":12},"end":{"line":34,"column":30}},"15":{"start":{"line":35,"column":12},"end":{"line":35,"column":41}},"16":{"start":{"line":40,"column":8},"end":{"line":40,"column":41}},"17":{"start":{"line":44,"column":8},"end":{"line":44,"column":41}},"18":{"start":{"line":48,"column":8},"end":{"line":48,"column":28}},"19":{"start":{"line":49,"column":8},"end":{"line":49,"column":28}}},"fnMap":{"0":{"name":"(anonymous_0)","decl":{"start":{"line":6,"column":0},"end":{"line":6,"column":6}},"loc":{"start":{"line":6,"column":0},"end":{"line":51,"column":1}}},"1":{"name":"(anonymous_1)","decl":{"start":{"line":11,"column":4},"end":{"line":11,"column":11}},"loc":{"start":{"line":11,"column":28},"end":{"line":21,"column":5}}},"2":{"name":"(anonymous_2)","decl":{"start":{"line":23,"column":4},"end":{"line":23,"column":8}},"loc":{"start":{"line":23,"column":8},"end":{"line":29,"column":5}}},"3":{"name":"(anonymous_3)","decl":{"start":{"line":31,"column":4},"end":{"line":31,"column":8}},"loc":{"start":{"line":31,"column":8},"end":{"line":37,"column":5}}},"4":{"name":"(anonymous_4)","decl":{"start":{"line":39,"column":4},"end":{"line":39,"column":11}},"loc":{"start":{"line":39,"column":11},"end":{"line":41,"column":5}}},"5":{"name":"(anonymous_5)","decl":{"start":{"line":43,"column":4},"end":{"line":43,"column":11}},"loc":{"start":{"line":43,"column":11},"end":{"line":45,"column":5}}},"6":{"name":"(anonymous_6)","decl":{"start":{"line":47,"column":4},"end":{"line":47,"column":9}},"loc":{"start":{"line":47,"column":9},"end":{"line":50,"column":5}}}},"branchMap":{"0":{"loc":{"start":{"line":18,"column":8},"end":{"line":20,"column":9}},"type":"if","locations":[{"start":{"line":18,"column":8},"end":{"line":20,"column":9}}]},"1":{"loc":{"start":{"line":25,"column":8},"end":{"line":28,"column":9}},"type":"if","locations":[{"start":{"line":25,"column":8},"end":{"line":28,"column":9}}]},"2":{"loc":{"start":{"line":33,"column":8},"end":{"line":36,"column":9}},"type":"if","locations":[{"start":{"line":33,"column":8},"end":{"line":36,"column":9}}]}},"s":{"0":0,"1":0,"2":0,"3":0,"4":0,"5":0,"6":0,"7":0,"8":0,"9":0,"10":0,"11":0,"12":0,"13":0,"14":0,"15":0,"16":0,"17":0,"18":0,"19":0},"f":{"0":0,"1":0,"2":0,"3":0,"4":0,"5":0,"6":0},"b":{"0":[0],"1":[0],"2":[0]}}
}
