TN:
SF:src\components\PropertiesPanel.ts
FN:16,(anonymous_0)
FN:24,(anonymous_1)
FN:28,(anonymous_2)
FN:125,(anonymous_3)
FN:133,(anonymous_4)
FN:138,(anonymous_5)
FN:146,(anonymous_6)
FNF:7
FNH:0
FNDA:0,(anonymous_0)
FNDA:0,(anonymous_1)
FNDA:0,(anonymous_2)
FNDA:0,(anonymous_3)
FNDA:0,(anonymous_4)
FNDA:0,(anonymous_5)
FNDA:0,(anonymous_6)
DA:9,0
DA:10,0
DA:14,0
DA:17,0
DA:18,0
DA:19,0
DA:20,0
DA:21,0
DA:25,0
DA:29,0
DA:30,0
DA:33,0
DA:34,0
DA:35,0
DA:38,0
DA:39,0
DA:41,0
DA:42,0
DA:44,0
DA:45,0
DA:46,0
DA:47,0
DA:48,0
DA:49,0
DA:51,0
DA:52,0
DA:53,0
DA:54,0
DA:55,0
DA:57,0
DA:58,0
DA:59,0
DA:62,0
DA:63,0
DA:65,0
DA:66,0
DA:68,0
DA:69,0
DA:70,0
DA:71,0
DA:72,0
DA:73,0
DA:75,0
DA:76,0
DA:79,0
DA:80,0
DA:83,0
DA:84,0
DA:122,0
DA:125,0
DA:126,0
DA:130,0
DA:133,0
DA:134,0
DA:135,0
DA:138,0
DA:139,0
DA:140,0
DA:143,0
DA:147,0
LF:60
LH:0
BRDA:18,0,0,0
BRDA:25,1,0,0
BRDA:25,1,1,0
BRF:3
BRH:0
end_of_record
TN:
SF:src\core\managers\EventManagerImpl.ts
FN:9,(anonymous_0)
FN:11,(anonymous_1)
FN:19,(anonymous_2)
FN:30,(anonymous_3)
FN:58,(anonymous_4)
FN:62,(anonymous_5)
FNF:6
FNH:6
FNDA:6,(anonymous_0)
FNDA:8,(anonymous_1)
FNDA:1,(anonymous_2)
FNDA:3,(anonymous_3)
FNDA:4,(anonymous_4)
FNDA:1,(anonymous_5)
DA:6,1
DA:7,6
DA:9,6
DA:12,8
DA:13,7
DA:15,8
DA:16,8
DA:20,1
DA:21,1
DA:22,1
DA:23,1
DA:24,1
DA:26,1
DA:31,3
DA:32,3
DA:34,3
DA:36,3
DA:38,3
DA:39,4
DA:40,4
DA:41,3
DA:42,1
DA:45,1
DA:49,3
DA:50,1
DA:51,1
DA:53,0
DA:59,4
DA:63,1
DA:64,1
LF:30
LH:29
BRDA:12,0,0,7
BRDA:21,1,0,1
BRDA:23,2,0,1
BRDA:32,3,0,0
BRDA:41,4,0,1
BRDA:49,5,0,1
BRDA:59,6,0,4
BRDA:59,6,1,3
BRF:8
BRH:7
end_of_record
TN:
SF:src\core\managers\LoggerImpl.ts
FN:9,(anonymous_0)
FN:13,(anonymous_1)
FN:19,(anonymous_2)
FN:23,(anonymous_3)
FN:27,(anonymous_4)
FN:31,(anonymous_5)
FN:35,(anonymous_6)
FN:39,(anonymous_7)
FN:43,(anonymous_8)
FN:47,(anonymous_9)
FNF:10
FNH:10
FNDA:11,(anonymous_0)
FNDA:2,(anonymous_1)
FNDA:1015,(anonymous_2)
FNDA:1,(anonymous_3)
FNDA:1,(anonymous_4)
FNDA:2,(anonymous_5)
FNDA:1,(anonymous_6)
FNDA:2,(anonymous_7)
FNDA:1,(anonymous_8)
FNDA:1018,(anonymous_9)
DA:3,1
DA:4,11
DA:5,11
DA:6,11
DA:7,11
DA:10,11
DA:14,2
DA:15,1
DA:20,1015
DA:24,1
DA:28,1
DA:32,2
DA:36,1
DA:40,2
DA:44,1
DA:48,1018
DA:58,1018
DA:61,1018
DA:62,10
DA:66,1018
DA:67,1018
DA:68,1
DA:70,1018
DA:73,1018
DA:75,1
DA:76,1
DA:78,1015
DA:79,1015
DA:81,1
DA:82,1
DA:84,1
DA:85,1
LF:32
LH:32
BRDA:9,0,0,0
BRDA:14,1,0,1
BRDA:47,2,0,0
BRDA:54,3,0,0
BRDA:54,3,1,1018
BRDA:61,4,0,10
BRDA:67,5,0,1
BRDA:73,6,0,1
BRDA:73,6,1,1015
BRDA:73,6,2,1
BRDA:73,6,3,1
BRDA:84,7,0,1
BRDA:84,7,1,0
BRF:13
BRH:9
end_of_record
TN:
SF:src\core\managers\PluginManagerImpl.ts
FN:15,(anonymous_0)
FN:21,(anonymous_1)
FN:53,(anonymous_2)
FN:68,(anonymous_3)
FN:72,(anonymous_4)
FN:86,(anonymous_5)
FN:99,(anonymous_6)
FN:114,(anonymous_7)
FN:129,(anonymous_8)
FN:153,(anonymous_9)
FN:157,(anonymous_10)
FN:164,(anonymous_11)
FNF:12
FNH:5
FNDA:4,(anonymous_0)
FNDA:5,(anonymous_1)
FNDA:0,(anonymous_2)
FNDA:2,(anonymous_3)
FNDA:1,(anonymous_4)
FNDA:0,(anonymous_5)
FNDA:0,(anonymous_6)
FNDA:0,(anonymous_7)
FNDA:4,(anonymous_8)
FNDA:0,(anonymous_9)
FNDA:0,(anonymous_10)
FNDA:0,(anonymous_11)
DA:6,1
DA:10,1
DA:11,4
DA:12,4
DA:13,4
DA:16,4
DA:17,4
DA:18,4
DA:22,5
DA:23,0
DA:31,5
DA:32,5
DA:33,1
DA:34,1
DA:37,4
DA:38,3
DA:39,3
DA:45,3
DA:50,3
DA:54,0
DA:55,0
DA:56,0
DA:63,0
DA:64,0
DA:65,0
DA:69,2
DA:73,1
DA:74,2
DA:75,2
DA:76,2
DA:77,0
DA:79,2
DA:81,0
DA:87,0
DA:88,0
DA:89,0
DA:90,0
DA:92,0
DA:94,0
DA:100,0
DA:101,0
DA:102,0
DA:108,0
DA:109,0
DA:111,0
DA:115,0
DA:116,0
DA:117,0
DA:123,0
DA:124,0
DA:126,0
DA:130,4
DA:131,0
DA:139,4
DA:140,2
DA:141,2
DA:142,1
DA:154,0
DA:158,0
DA:159,0
DA:161,0
DA:165,0
LF:62
LH:29
BRDA:22,0,0,0
BRDA:32,1,0,1
BRDA:55,2,0,0
BRDA:76,3,0,0
BRDA:81,4,0,0
BRDA:81,4,1,0
BRDA:89,5,0,0
BRDA:94,6,0,0
BRDA:94,6,1,0
BRDA:101,7,0,0
BRDA:108,8,0,0
BRDA:116,9,0,0
BRDA:123,10,0,0
BRDA:130,11,0,0
BRDA:130,12,0,4
BRDA:130,12,1,4
BRDA:130,12,2,4
BRDA:132,13,0,0
BRDA:132,13,1,0
BRDA:139,14,0,2
BRDA:139,15,0,4
BRDA:139,15,1,4
BRDA:141,16,0,1
BRDA:158,17,0,0
BRF:24
BRH:8
end_of_record
TN:
SF:src\core\types\errors.ts
FN:6,(anonymous_0)
FN:18,(anonymous_1)
FNF:2
FNH:2
FNDA:1,(anonymous_0)
FNDA:1,(anonymous_1)
DA:6,1
DA:7,1
DA:8,1
DA:9,1
DA:10,1
DA:11,1
DA:12,1
DA:13,1
DA:14,1
DA:17,1
DA:19,1
DA:20,1
DA:23,1
DA:24,1
LF:14
LH:14
BRDA:6,0,0,1
BRDA:6,0,1,1
BRF:2
BRH:2
end_of_record
TN:
SF:src\plugins\wall-tool\WallTool.ts
FN:27,(anonymous_0)
FN:43,(anonymous_1)
FN:48,(anonymous_2)
FN:53,(anonymous_3)
FN:58,(anonymous_4)
FN:64,(anonymous_5)
FN:85,(anonymous_6)
FN:93,(anonymous_7)
FN:102,(anonymous_8)
FN:106,(anonymous_9)
FN:114,(anonymous_10)
FN:119,(anonymous_11)
FN:139,(anonymous_12)
FNF:13
FNH:0
FNDA:0,(anonymous_0)
FNDA:0,(anonymous_1)
FNDA:0,(anonymous_2)
FNDA:0,(anonymous_3)
FNDA:0,(anonymous_4)
FNDA:0,(anonymous_5)
FNDA:0,(anonymous_6)
FNDA:0,(anonymous_7)
FNDA:0,(anonymous_8)
FNDA:0,(anonymous_9)
FNDA:0,(anonymous_10)
FNDA:0,(anonymous_11)
FNDA:0,(anonymous_12)
DA:12,0
DA:13,0
DA:21,0
DA:22,0
DA:23,0
DA:24,0
DA:25,0
DA:29,0
DA:30,0
DA:33,0
DA:34,0
DA:44,0
DA:45,0
DA:49,0
DA:50,0
DA:54,0
DA:55,0
DA:59,0
DA:60,0
DA:61,0
DA:65,0
DA:86,0
DA:88,0
DA:89,0
DA:90,0
DA:94,0
DA:96,0
DA:97,0
DA:98,0
DA:99,0
DA:103,0
DA:107,0
DA:109,0
DA:110,0
DA:111,0
DA:115,0
DA:116,0
DA:120,0
DA:122,0
DA:123,0
DA:130,0
DA:132,0
DA:133,0
DA:136,0
DA:140,0
DA:141,0
DA:142,0
LF:47
LH:0
BRDA:86,0,0,0
BRDA:94,1,0,0
BRDA:107,2,0,0
BRDA:107,3,0,0
BRDA:107,3,1,0
BRDA:115,4,0,0
BRDA:120,5,0,0
BRDA:120,6,0,0
BRDA:120,6,1,0
BRDA:132,7,0,0
BRDA:132,7,1,0
BRF:11
BRH:0
end_of_record
TN:
SF:src\plugins\wall-tool\commands\AddWallCommand.ts
FN:8,(anonymous_0)
FN:13,(anonymous_1)
FN:17,(anonymous_2)
FNF:3
FNH:3
FNDA:3,(anonymous_0)
FNDA:2,(anonymous_1)
FNDA:2,(anonymous_2)
DA:5,1
DA:6,3
DA:9,3
DA:10,3
DA:14,2
DA:18,2
DA:19,1
DA:22,1
LF:8
LH:8
BRDA:18,0,0,1
BRF:1
BRH:1
end_of_record
TN:
SF:src\plugins\wall-tool\commands\RemoveWallCommand.ts
FN:8,(anonymous_0)
FN:13,(anonymous_1)
FN:23,(anonymous_2)
FNF:3
FNH:3
FNDA:4,(anonymous_0)
FNDA:3,(anonymous_1)
FNDA:2,(anonymous_2)
DA:5,1
DA:6,4
DA:9,4
DA:10,4
DA:15,3
DA:16,3
DA:17,1
DA:20,2
DA:24,2
DA:25,1
DA:28,1
DA:29,1
LF:12
LH:12
BRDA:16,0,0,1
BRDA:24,1,0,1
BRF:2
BRH:2
end_of_record
TN:
SF:src\plugins\wall-tool\commands\UpdateWallCommand.ts
FN:8,(anonymous_0)
FN:14,(anonymous_1)
FN:24,(anonymous_2)
FNF:3
FNH:3
FNDA:4,(anonymous_0)
FNDA:3,(anonymous_1)
FNDA:2,(anonymous_2)
DA:5,1
DA:6,4
DA:9,4
DA:10,4
DA:11,4
DA:16,3
DA:17,3
DA:18,1
DA:21,2
DA:25,2
DA:26,1
DA:29,1
DA:35,1
LF:13
LH:13
BRDA:17,0,0,1
BRDA:25,1,0,1
BRF:2
BRH:2
end_of_record
TN:
SF:src\plugins\wall-tool\renderers\WallRenderer2D.ts
FN:21,(anonymous_0)
FN:27,(anonymous_1)
FN:32,(anonymous_2)
FN:37,(anonymous_3)
FN:50,(anonymous_4)
FN:87,(anonymous_5)
FN:109,(anonymous_6)
FN:122,(anonymous_7)
FN:136,(anonymous_8)
FN:144,(anonymous_9)
FN:156,(anonymous_10)
FN:164,(anonymous_11)
FNF:12
FNH:0
FNDA:0,(anonymous_0)
FNDA:0,(anonymous_1)
FNDA:0,(anonymous_2)
FNDA:0,(anonymous_3)
FNDA:0,(anonymous_4)
FNDA:0,(anonymous_5)
FNDA:0,(anonymous_6)
FNDA:0,(anonymous_7)
FNDA:0,(anonymous_8)
FNDA:0,(anonymous_9)
FNDA:0,(anonymous_10)
FNDA:0,(anonymous_11)
DA:17,0
DA:18,0
DA:19,0
DA:22,0
DA:23,0
DA:24,0
DA:28,0
DA:29,0
DA:33,0
DA:34,0
DA:39,0
DA:42,0
DA:43,0
DA:44,0
DA:47,0
DA:51,0
DA:52,0
DA:53,0
DA:54,0
DA:56,0
DA:59,0
DA:61,0
DA:62,0
DA:74,0
DA:76,0
DA:84,0
DA:89,0
DA:90,0
DA:91,0
DA:92,0
DA:96,0
DA:99,0
DA:100,0
DA:101,0
DA:102,0
DA:106,0
DA:110,0
DA:111,0
DA:112,0
DA:113,0
DA:115,0
DA:116,0
DA:119,0
DA:123,0
DA:136,0
DA:137,0
DA:138,0
DA:139,0
DA:140,0
DA:144,0
DA:145,0
DA:146,0
DA:147,0
DA:148,0
DA:152,0
DA:153,0
DA:157,0
DA:158,0
DA:160,0
DA:161,0
DA:165,0
DA:166,0
DA:167,0
DA:168,0
DA:170,0
DA:171,0
DA:172,0
DA:174,0
DA:175,0
DA:180,0
DA:181,0
DA:182,0
DA:183,0
DA:184,0
DA:185,0
DA:187,0
DA:188,0
DA:191,0
DA:192,0
DA:194,0
LF:80
LH:0
BRDA:51,0,0,0
BRDA:51,1,0,0
BRDA:51,1,1,0
BRDA:52,2,0,0
BRDA:59,3,0,0
BRDA:59,3,1,0
BRDA:61,4,0,0
BRDA:61,4,1,0
BRDA:89,5,0,0
BRDA:91,6,0,0
BRDA:99,7,0,0
BRDA:101,8,0,0
BRDA:109,9,0,0
BRDA:115,10,0,0
BRDA:138,11,0,0
BRDA:146,12,0,0
BRDA:174,13,0,0
BRDA:180,14,0,0
BRDA:180,14,1,0
BRDA:183,15,0,0
BRDA:183,15,1,0
BRF:21
BRH:0
end_of_record
TN:
SF:src\plugins\wall-tool\renderers\WallRenderer3D.ts
FN:20,(anonymous_6)
FN:43,(anonymous_7)
FN:48,(anonymous_8)
FN:55,(anonymous_9)
FN:59,(anonymous_10)
FN:67,(anonymous_11)
FN:94,(anonymous_12)
FN:111,(anonymous_13)
FN:119,(anonymous_14)
FN:134,(anonymous_15)
FNF:10
FNH:10
FNDA:6,(anonymous_6)
FNDA:6,(anonymous_7)
FNDA:1,(anonymous_8)
FNDA:1,(anonymous_9)
FNDA:7,(anonymous_10)
FNDA:2,(anonymous_11)
FNDA:7,(anonymous_12)
FNDA:7,(anonymous_13)
FNDA:8,(anonymous_14)
FNDA:8,(anonymous_15)
DA:1,1
DA:13,1
DA:14,6
DA:15,6
DA:16,6
DA:17,6
DA:18,6
DA:21,6
DA:22,6
DA:23,6
DA:25,6
DA:30,6
DA:38,6
DA:39,0
DA:44,6
DA:45,6
DA:49,1
DA:50,1
DA:53,1
DA:54,1
DA:55,1
DA:56,1
DA:60,7
DA:61,7
DA:62,7
DA:63,7
DA:69,2
DA:70,1
DA:71,1
DA:72,1
DA:73,1
DA:74,1
DA:75,1
DA:80,2
DA:83,2
DA:84,1
DA:85,1
DA:86,1
DA:87,1
DA:88,1
DA:95,7
DA:96,7
DA:97,7
DA:100,7
DA:101,7
DA:102,7
DA:104,7
DA:105,7
DA:107,7
DA:108,7
DA:112,7
DA:120,8
DA:121,8
DA:122,2
DA:126,6
DA:130,6
DA:131,6
DA:135,8
DA:136,2
DA:137,2
DA:139,8
DA:140,8
LF:62
LH:61
BRDA:69,0,0,1
BRDA:71,1,0,1
BRDA:74,2,0,1
BRDA:83,3,0,1
BRDA:85,4,0,1
BRDA:87,5,0,1
BRDA:121,6,0,2
BRF:7
BRH:7
end_of_record
TN:
SF:src\store\ProjectStore.ts
FN:18,(anonymous_0)
FN:20,(anonymous_1)
FN:24,(anonymous_2)
FN:28,(anonymous_3)
FN:32,(anonymous_4)
FN:36,(anonymous_5)
FN:40,(anonymous_6)
FNF:7
FNH:0
FNDA:0,(anonymous_0)
FNDA:0,(anonymous_1)
FNDA:0,(anonymous_2)
FNDA:0,(anonymous_3)
FNDA:0,(anonymous_4)
FNDA:0,(anonymous_5)
FNDA:0,(anonymous_6)
DA:18,0
DA:21,0
DA:25,0
DA:29,0
DA:33,0
DA:37,0
DA:41,0
LF:7
LH:0
BRF:0
BRH:0
end_of_record
TN:
SF:src\store\commands\Command.ts
FN:6,(anonymous_0)
FN:11,(anonymous_1)
FN:23,(anonymous_2)
FN:31,(anonymous_3)
FN:39,(anonymous_4)
FN:43,(anonymous_5)
FN:47,(anonymous_6)
FNF:7
FNH:0
FNDA:0,(anonymous_0)
FNDA:0,(anonymous_1)
FNDA:0,(anonymous_2)
FNDA:0,(anonymous_3)
FNDA:0,(anonymous_4)
FNDA:0,(anonymous_5)
FNDA:0,(anonymous_6)
DA:7,0
DA:8,0
DA:9,0
DA:12,0
DA:13,0
DA:15,0
DA:18,0
DA:19,0
DA:24,0
DA:25,0
DA:26,0
DA:27,0
DA:32,0
DA:33,0
DA:34,0
DA:35,0
DA:40,0
DA:44,0
DA:48,0
DA:49,0
LF:20
LH:0
BRDA:18,0,0,0
BRDA:25,1,0,0
BRDA:33,2,0,0
BRF:3
BRH:0
end_of_record
